1j2xA00 1wq2B00 33.9000
2f5dA01 1p4xA01 53.4000
1rz4A02 1iuyA00 15.2000
1kyzA01 1fshA00 22.0000
1fzpB00 1zq3P00 18.9000
1aplD00 1ignB01 13.8000
1gqmD00 1q80A00 57.6000
2ev0A02 1f5tC02 53.3000
1bbhB00 2fapB00 7.5000
1sfcJ00 1jy2R00 12.9000
1klxA00 1bpoC02 21.4000
1ojvA03 1c1zA01 84.3000
2dynB00 1kz7A02 30.3000
1xniC02 1j3tA00 24.3000
1kwaA00 1v62A00 117.8000
1fr3D00 1p8lA02 25.2000
1v1qA00 1quqA00 22.0000
1qvcC00 1pfsB00 8.0000
1mec100 1bev100 121.6000
1bkzA00 1a78B00 140.9000
1ub6L02 1fyhE01 20.4000
1eibA01 1fieA04 16.7000
1zglV01 1bqhK00 69.3000
1xauA00 1fltX00 22.1000
1wwwY00 1pl3B00 44.9000
1im9D01 1bp3B02 26.4000
1pqzA02 1cwvA01 18.2000
1qz1A01 1j48B00 18.6000
1bqsA02 1j48B00 36.5000
1cs6A02 1pdkA01 13.1000
1wlhA03 1j8kA00 27.1000
1u2cA01 1cwvA03 23.9000
1olzB03 1tzaA00 11.3000
1ao7D00 1f1gC00 13.2000
1mq8A01 1j8kA00 14.1000
1dr9A01 1j48B00 13.6000
1n26A02 1xvsB00 14.0000
1hxmG01 2cumA00 12.9000
1kydA01 1z9sA01 25.6000
1m9sA02 1p9mC01 20.9000
1tzaA00 1iarB01 3.6000
1bquB01 1dqiB00 41.1000
1lqsR02 1l0qD02 16.9000
1imhC01 3tf4A02 25.5000
1dv8A00 1jwiB00 177.9000
1sxtA02 1v49A00 51.1000
1b9rA00 1he8A01 30.9000
1w2zC01 1w2zA02 32.8000
1hkwB02 1g69B00 43.6000
1lqaB00 1mzhB00 39.3000
1it8B01 1w3hA00 50.0000
1wufB02 1gkpA02 29.5000
1jpmB02 1o0yA00 50.1000
1k1dH02 1kcxA02 575.6000
1a5kC02 1kxtA01 39.3000
1itqB00 1qpqE02 38.7000
1d8wD00 1itxA01 48.4000
1t8qA00 1vjzA00 46.3000
1f6yA00 1o5kB00 54.9000
7reqA01 1nqkA00 65.8000
1fvpA00 1jfxA00 13.2000
1vpqA00 1vgaA00 31.4000
1f3wD02 1r86A00 56.5000
1cx9A00 1xyzA00 39.3000
1btmA00 1avaA01 40.2000
1o0yA00 1gw1A00 36.9000
1h1zA00 1tr1C00 24.3000
1epxD00 1hjvC01 40.4000
1w3hA00 1wkyA01 62.4000
1guvA01 1uwuB00 54.1000
1tuaA01 1k1gA00 27.2000
1ewrA01 1ovqA00 26.8000
1gxuA00 1tuwA00 22.5000
1mwzA00 1sb6A00 69.1000
1j27A00 1gmuD01 20.9000
1azsA00 1h2uY00 32.0000
1gehC01 1ekrA00 29.9000
1u8sB01 1o6xA00 27.8000
1hl6C00 1s79A00 38.3000
1vgyB02 1q53A00 19.9000
1v6hB00 1tr0O00 64.5000
1rw1A00 1fo5A00 18.7000
1axdB01 1y25A00 13.5000
1u8uA00 1r9gA00 32.2000
2fr8A01 1e1cB02 26.7000
1ji3B00 1hlgB00 57.5000
1w25B01 1qp8A01 19.7000
1jllD02 1r9gA00 37.8000
1t3hC00 1z06A00 24.8000
1z06A00 1uf9A00 27.0000
1u94A01 1texA00 19.9000
1g7tA01 2gf0B00 42.9000
1q3hB00 1e0jA00 60.8000
1nktA03 1p75A00 52.8000
1x77A00 1gpwD00 56.0000
1c1xA02 1hygA01 28.4000
1jaxB00 1iyzA02 57.0000
1sbyB00 1y9eF02 37.4000
1ooeB00 1h2bB02 18.8000
1ja9A00 1xq6B00 38.8000
1ez4C01 1u1iC01 41.4000
2fwnA01 1itzC01 38.5000
1lqtB02 1ksuB03 39.2000
1t70F00 1t71A00 366.3000
1j2xA00 1i5nD00 33.8000
1fbsA00 1j30A00 25.2000
1in6A02 1rqvB01 13.1000
1t6sB01 1otvB00 22.0000
1yo5C00 1eq1A00 18.1000
1stzB01 1sq3K00 24.3000
1sfxB00 1i6zA00 51.8000
1zn2A02 1eqfA02 28.0000
1cf7B00 1dovA00 17.2000
1kyzA01 1jgcA00 18.0000
1hstA00 1ugoA00 13.9000
1j5yA01 1eo0A00 27.4000
1cf7A00 1l7cB02 22.3000
1pp8V00 1uvhD00 30.7000
1u6gA07 1uurA01 28.5000
1o7fA02 1dvkA00 27.8000
1e17A00 1jraC00 19.5000
1fshA00 1ps3A02 14.7000
1wjfA00 1se7A00 11.8000
1m1eB01 1rtwA00 24.0000
1t6sB02 1sr2A00 16.7000
1aplD00 1eumC00 32.8000
1z0xA01 1y9bA00 20.2000
1tc3C00 1e6iA00 16.2000
1fexA00 1l7cA01 25.1000
1iufA02 1nf6I00 25.6000
1ce8G04 1y9bA00 33.7000
1dljA03 1e6iA00 33.6000
1gteC02 1l7cA01 22.9000
1tbaA00 1v2aB02 17.9000
1nbmD03 1n1fA00 34.2000
1n8lA00 1r2jA03 27.2000
1eoqA00 1lvfB00 23.8000
2hzvG01 1gnwB02 17.1000
1w53A00 1n1fA00 27.5000
1t9sB00 1uk1A01 35.1000
1m80B01 1hbkA00 13.1000
2a6hE00 2pmtC02 21.2000
1n60D02 1vtmP00 15.4000
1q3vB02 1r2jA03 16.1000
1kl9A02 1lvfB00 26.1000
1bvsE02 1f2eD02 14.6000
1kftA00 1nogA00 18.3000
1pk1D00 1u8vC03 21.2000
1sv0C00 1ybzA00 18.9000
1x9xB00 1gnwB02 29.0000
1d8bA00 1ykbC00 37.8000
1o0wB01 1x8zA00 31.3000
1q08A00 1sghA02 29.0000
1umqA00 3ljrB02 23.6000
1u2vE00 1v66A00 19.0000
1tl6A00 1rx0C03 29.7000
1n1jA00 1hciA01 18.3000
1tafB00 2f8fB02 22.1000
1h3oC00 1t6uF00 26.1000
1j0tA00 1ukwB03 22.7000
1l9lA00 1e2aA00 20.4000
1m31B00 1f2eD02 20.7000
1xk4A00 1nogA00 19.8000
1nshB00 1u8vC03 24.0000
1uhiB00 1ybzA00 40.8000
1iq3A00 1gnwB02 16.6000
1h8bA00 1ykbC00 17.7000
1ow4A00 1x8zA00 24.4000
1ljpB00 1gg3B03 22.5000
1mfqC00 1r5aA02 14.9000
2or1L00 1n1fA00 22.3000
1s7eA01 1gs0A01 15.2000
1nh2B00 1nvlA00 20.9000
1cxzB00 1mqvA00 36.8000
1f4nB00 2f8fB02 36.1000
1ivsB05 1cgmE00 21.8000
1skvB00 1u89A00 24.2000
1i11A00 1irmB00 23.0000
1n81A00 3ng1A01 45.0000
1vqrD00 1l7cB02 26.9000
1xn8A00 1otkA00 28.1000
1vi0A02 1se7A00 37.0000
1m9dC00 1om2A00 29.9000
1sh5B02 1oqcD00 39.9000
1h67A00 1i4tA00 24.1000
1iqvA00 1bgeB00 14.6000
1d3uB02 1r0dA00 28.2000
1xo2A02 1sghA02 23.3000
7hbiA00 3ljrB02 25.2000
1cg8A00 1eteD00 21.1000
3vhbA00 1sj8A01 33.1000
1uvxA00 1hbuD03 29.8000
1ithA00 1g7oA02 40.2000
1allA00 1fyhA01 36.2000
3ygsP00 1ik0A00 33.0000
1ichA00 2ck3H02 11.1000
1xa6A03 1rcwA00 33.0000
1hg4F00 1y6dA00 38.2000
1gwxA00 1krqA00 59.6000
3csmA00 1j5eT00 25.9000
1n20A02 1eqfA01 32.7000
1up8D00 1hy5A00 30.8000
1mhzD00 2f2gA00 69.2000
1eupA00 1pv3A02 31.8000
1uedA00 1p22A01 23.9000
1b4uC00 1hciA04 32.6000
1h9eA00 2pmtC02 17.6000
1iq0A03 1rmvA00 15.9000
1oaeB00 1is2A03 16.8000
1e29A00 1qsdB00 31.7000
1m70C01 1axdB02 16.0000
1kv9A02 1rtyC00 30.0000
1rz5A02 1gjvA02 30.8000
1h1oB01 1ecmA00 10.3000
1mn3A00 1jzrD02 14.3000
1q02A00 1bgeB00 40.1000
1wivA00 1r0dA00 17.0000
1no1A00 1i6zA00 31.2000
1iieC00 1eqfA01 17.4000
1eyvB00 1f1mC00 23.3000
1s29A00 1wm5A00 19.6000
1fseC00 1u6gC00 31.1000
1lvaA01 1w9cB00 21.3000
1g4dA00 1m8zA00 20.1000
1h88C01 1bk6A00 37.5000
1irzA00 1dvpA01 23.7000
1m1pE00 1n52A03 8.4000
1w53A00 1dceC01 33.9000
1jrpC02 1elwA00 13.2000
1b4fC00 1qbkB00 34.3000
1q08A00 1gw5A00 30.4000
1aoiG00 1o6pA00 30.5000
1xk4K00 1e8yA03 50.6000
1snlA00 1wjtA00 25.5000
1rioA00 1paqA00 30.5000
1sesB01 1hu3A00 28.8000
1x9nA01 1h2uB01 47.1000
1n34G00 1oczR00 30.2000
1cg5B00 1rz4A01 19.0000
1wmgC00 1w9cB00 47.7000
1lv2A00 1m8zA00 34.6000
1h5zA00 1bk6A00 67.6000
1i8pB00 1szaA00 25.8000
1iqcC02 1h0aA00 18.7000
1gvnC00 1oyzA00 31.2000
2iu7E01 1pprO02 23.6000
1xcbB01 1js4B01 20.3000
1hkqA00 1h14A00 19.8000
1b8iA00 1n22A01 33.2000
1n8lA00 1g6iA00 19.6000
1iipA02 1nxcA00 30.6000
1bc5A01 1hzfA00 23.6000
1qc7B00 1tnyH00 18.1000
1iioA00 1dceB00 15.9000
1qrvB00 1gxnA00 33.1000
1iqvA00 1cb8A01 49.6000
1ny9A00 1x1hA01 41.7000
1biqA00 1rwaA01 44.4000
1dy7B01 1ug9A02 37.5000
1t3wB00 1fp3B00 33.9000
1v2aB02 1tjcB00 33.0000
1bdjB00 1pc2A00 26.5000
1ug7A00 1hxiA00 19.5000
2gmfA00 1elwA00 28.0000
1otkA00 1n4kA02 17.8000
1r0dA00 1h0aA00 30.0000
2ck3H02 1rz4A01 15.5000
1ez3C00 1k8kG00 23.2000
1ki1B01 1n52A03 80.1000
1dvkA00 1n52A03 64.7000
1ovnA02 1r76A00 20.4000
1rmvA00 1h35A02 23.2000
1otkA00 1o6rB01 48.3000
1sxjD03 1qsjA00 36.1000
1hbuD03 1qazA00 47.4000
1m8zA00 1o6rB01 29.1000
1h0aA00 1qsjA00 29.6000
1gvmF00 1k8fB00 20.4000
1e5gA02 1dx8A00 18.2000
1a5kB00 1bwnA00 19.4000
1ub4C00 1ihjB00 31.4000
1i4vA00 1rz2A00 31.0000
1k9cA00 1szrB01 7.5000
1ed7A00 2j7lA02 20.2000
1kcaD00 1wioB03 8.9000
1a5kB00 1vscA01 32.6000
1e9zA01 2j1kV00 20.7000
1k9cA00 1nlqA00 15.2000
1gvmF00 1nukA00 24.9000
1a5kB00 2fo1A02 14.0000
1ouwA00 1x5qA01 20.5000
1i5pA03 1o91C00 28.8000
1ouwA00 1k12A00 23.7000
1ouwA00 1l2gC00 25.3000
1g8jB00 1b34A00 26.2000
1pp9R02 1hh2P02 13.2000
1xc6A02 1kl9A01 19.2000
1g8jB00 1kv3C03 9.6000
1sjgA00 1ej8A00 14.6000
1jm1A00 1ifrA00 11.2000
1sjgA00 1g9dA04 16.6000
1qjsA01 1uffA00 19.4000
1itvA00 1bqsA01 19.3000
2cltA02 1j18A02 15.6000
2cltA02 1ilr100 28.9000
1gyeB00 1sshA00 27.4000
1wl7A00 1prtH02 31.7000
2exkA01 1vldR03 28.4000
1gyeB00 1tzaA00 36.8000
1ms0B01 1jtdB00 32.2000
1npeA00 1mt6A01 29.7000
1v04A00 1njiU00 29.2000
1iucA00 1w3rA00 49.7000
1pooA00 1vyfA00 39.4000
1cq1A00 1qftA00 38.3000
1ms0B01 2f17A01 48.1000
1nsdB00 3phmA02 32.7000
1pooA00 1ms0A02 42.3000
1v04A00 1uu4A00 38.3000
1q7fB00 1y4kA01 30.5000
2ivzD02 1sddA02 28.7000
1npeA00 1bvoA00 20.1000
1iucA00 1hwhB01 33.8000
1cq1A00 1ns4B00 55.5000
1xksA00 1ezgB00 8.9000
2mtaH00 1sshA00 19.6000
1nr0A02 1o70A02 30.9000
1xipA00 1uhcA00 28.2000
1pi6A01 2dynB00 21.0000
1sqjA01 1un7B01 28.9000
1jjuB00 1nsoA00 43.6000
1tbgB00 1d7qA00 23.2000
1mdaH00 1k3rA02 16.5000
1pi6A01 1xmqQ00 32.5000
1sqjA01 3ullB00 36.7000
2mtaH00 1r4xA01 17.3000
1jjuB00 2gvyA02 51.3000
1k8kC00 1n26A02 34.3000
1jmzB00 1f6aB02 19.3000
1tbgB00 1cs6A03 17.9000
1nr0A01 1ogmX01 67.3000
1xksA00 1vpnD00 43.7000
1mdaH00 1yjkA01 23.6000
1pguB02 1yc6C00 20.9000
1olzA01 1oq1C00 45.3000
1pi6A01 2dcyD00 24.4000
1p22A02 1xp4C02 30.8000
1h2xA02 1asqB03 46.8000
1u8cA01 1imhC01 19.6000
1sqjB02 1iarB02 70.9000
1jtdB00 1xq4C00 20.5000
1ty3A00 1hn0A03 51.0000
1mdaH00 1msaA00 30.7000
1e2rB02 1o1vA00 49.8000
2ad6A00 2j12A00 27.1000
1orvC01 1sluA00 30.5000
1om6A01 1ujvA00 34.3000
1om6A01 1ayoA00 26.9000
1dabA00 1mvhA00 16.4000
1krrC00 1ixdA00 14.8000
1hg8A00 1rz1A00 26.2000
1rwrA00 1uj0A00 15.0000
1ea0A04 1auuB00 37.7000
1xhdA00 1jb9A01 24.6000
1jrgA00 1p6vA00 34.4000
2bspA00 1jzuA00 24.7000
1ee6A00 1e5pB00 40.5000
1hf2A02 1smpI00 25.8000
1qrgA00 1cs6A02 24.5000
1xhdA00 1fc1A01 29.3000
1krrC00 1cb8A03 18.4000
1z2fA00 1rj7B00 21.7000
1jrgA00 1xpwA00 36.0000
1qcxA00 1h30A01 23.3000
1nhcE00 1bev100 33.4000
2bspA00 1u12B00 24.2000
1h80B00 1eaoB00 26.4000
1rwrA00 1kbvC01 45.1000
1dbgA00 1fnhA03 27.5000
1dabA00 1do5A00 39.5000
1ofeB04 1na8A00 16.3000
1k8fB00 1kiuM02 35.5000
1k5cA00 1n7uA02 49.0000
1hg8A00 1qxmA02 20.0000
1h7yA00 1uf1A00 20.1000
1fu1B01 1xniC02 14.8000
1lp3A00 1b34A00 17.1000
1xm0A00 1kxoA00 57.7000
1r6zA03 1lf7A00 51.6000
1lp3A00 1hn2A00 31.3000
2fu5A00 1hlcA00 18.3000
1l1dB00 1r1zA00 30.3000
1gppA00 1ahsB00 35.8000
1dq3A01 1cwvA02 12.4000
1qqhA00 1sddA01 26.0000
1r6zA03 1jyvD02 29.8000
1pegB00 1iarB01 29.3000
1n3jB00 1l5gA02 42.9000
1lp3A00 1hwhB01 26.1000
1xqhE02 1a2vE03 35.7000
1pinA01 1i1jA00 20.7000
1o6wA01 1vheA02 9.4000
1pinA01 1lwhA03 3.7000
1o6wA01 1p53A03 17.4000
1rz1A00 1vhkC01 26.9000
1ejeA00 1xkiA00 25.8000
1ytfD02 1s44B00 18.8000
1nyoA00 1k0hA00 20.6000
1y7eA02 1d7qA00 38.1000
1w1hB00 1k3rA02 21.2000
1nu2A00 1xmqQ00 24.3000
1zm0A00 3ullB00 36.5000
1ki1D02 1b8aB01 27.2000
1pfjA00 1fr3D00 17.8000
1i8fC00 1cr5B01 10.5000
1d3bF00 1o67A00 31.7000
2c06B00 1e0tB03 31.7000
1h3zA00 1hkwB01 14.8000
1ib8A02 1k8oA00 28.9000
1oqkA00 1cr5B01 18.6000
1iz6C01 1cr5B01 22.0000
1sshA00 1prtH02 9.7000
1gcpB00 1ue1B00 17.4000
1kjwA01 1eiyB02 16.9000
1j3tA00 1fl0A00 13.1000
1ug1A00 1jjgA00 16.6000
1u8rB03 1nsoA00 31.2000
1p1mA01 1khiA02 31.6000
2h3lB00 1pybD00 21.4000
1ihjB00 1ktkD02 16.1000
2pdzA00 1qdnA01 17.9000
1ky9B03 1a3wB03 14.7000
1m5zA00 1i18A00 30.4000
1uepA00 1h42A01 50.3000
1uf1A00 1ng5B00 21.2000
1l5bA00 1avgI00 30.3000
1uscB00 1vscA02 31.3000
1wllA00 1nwbA00 11.4000
1w3rA00 3pcfN00 36.3000
1nrgA00 1nziA01 25.1000
1t9mB00 1jhnA01 22.1000
1y12B00 1uaiA00 31.6000
1j2bB04 1rc6A00 39.9000
1wk2A00 1f00I01 13.6000
1ytfD02 1v10A02 37.7000
1ytfC00 1ueyA00 17.8000
1o70A02 1qg3A02 23.0000
1nyoA00 1m6uA00 15.8000
1auuB00 1d2pA02 12.3000
1yduA01 2fo1A03 27.7000
1unpA00 1xiwA00 14.2000
1ntyA02 1p6fA02 12.0000
1eazA00 1y2tB00 21.2000
1qc6A00 1lajC00 32.3000
1aqcA00 1cx1A00 26.7000
1faoA00 1g86A00 31.6000
2dynB00 1rb8G00 14.7000
1gc7A03 1y9qA02 29.4000
1gg3A01 1xbrB00 21.5000
1zm0A00 1f56C00 8.6000
1uefB00 1uemA00 6.7000
1qqgB01 1qr4B02 8.6000
1ki1D02 1lxmA04 21.5000
1foeE02 1dceA02 16.6000
1v89A00 1je6A02 19.6000
1pfjA00 1j86B01 24.2000
1oy2A00 1p7qD02 22.4000
1c0mC02 1nltA03 10.8000
1i8fC00 1f15C00 25.3000
1kq1Y00 1k42A00 28.6000
1d3bI00 1h30A02 19.9000
1d3bF00 1qjzC00 16.0000
1n9sL00 1o5uA00 13.4000
1b34A00 1h6fB00 38.0000
1vubA00 1ws8B00 14.3000
1ub4A00 1k85A00 14.9000
1xniC01 1fg9D02 26.7000
1igqC00 1j8sA00 21.3000
1n27A00 1uwyA02 18.6000
1m9sA05 1dr9A01 18.8000
1m9sA04 1t89C01 23.1000
1tovA00 1im9D02 24.5000
1njiU00 1c3gA01 30.7000
1v76B00 2bdrA00 25.4000
1yfnD00 1sddB03 21.3000
1pm3B00 1c1fA00 10.3000
1xniC02 1gff200 23.7000
1khiA01 1rl3B01 20.5000
1xtdA01 1shsE00 13.1000
1m1gD03 1b3iA00 19.4000
1sshA00 1n6vA01 20.0000
1jo8A00 1fyhE01 6.6000
1uj0A00 1o75A03 28.4000
1gcpB00 1klfH01 21.0000
1negA00 1rzjC02 24.3000
1i07A00 1evtD01 15.5000
1kjwA01 1wwcA00 23.0000
1muzA00 1earA01 27.1000
1uhfA00 1xoyA00 15.4000
1j3tA00 1r64A02 27.0000
1uhcA00 1is6A00 31.1000
1ue9A00 1novC00 10.9000
1ug1A00 1o5lA00 22.6000
1uffA00 1gmeB00 36.9000
1dj7B00 1w8eA01 22.6000
1kc8R00 1v5jA00 19.8000
1g31A00 1f1gC00 23.9000
1gkpB01 1gyuA00 28.2000
1ra5A01 1kydA01 17.3000
1gkrB01 1namB00 15.4000
1yrrA01 1hkfA00 11.4000
1o12A01 1pamA04 16.2000
1obxA00 1rwaA03 32.5000
1n7fB00 1o91C00 16.7000
1q3pA00 1k12A00 22.2000
1kefA00 1urxA00 12.8000
1b8qA00 1f2nA00 22.2000
1k32D04 1vr3A00 37.9000
2pdzA00 1g43A00 19.9000
1lcyA03 1kgyF00 21.0000
1tq3A00 1fnhA02 26.1000
1ky9B03 1iiiB00 20.5000
1vb7A00 1m9sA02 22.5000
1x5rA01 1gxeA00 12.8000
1m5zA00 1h3gA01 15.0000
1uezA00 1a7bB00 16.6000
1ujuA00 1qhoA04 10.3000
1uepA00 1lb4A00 20.4000
1ufxA00 1jtzY00 11.9000
1um1A00 1uy0A00 21.9000
1uf1A00 1dypA00 29.9000
1uewA00 1cjdA02 14.3000
1v62A00 1pm7B00 21.4000
1v6bA00 1nbcA00 25.9000
1n02A00 1oczB02 13.5000
1unpA00 1q25A03 14.2000
1pfjA00 1gp0A00 8.3000
1m9sA04 4ovwA00 24.4000
1bu1A00 1h54B01 32.1000
4ubpC01 1lvnA03 49.1000
1x5qA01 1so0D00 45.9000
1tvfA02 1q1uA00 24.1000
1k5gB00 1dfcB02 33.2000
1njiU00 1g82C00 14.9000
1ri9A00 1vclB02 15.3000
1nf3C00 1iszA01 19.7000
1kt5A00 1iwnA00 42.4000
1kmhB01 1vr3A00 16.7000
1k0hA00 1g43A00 39.6000
1xo7A00 1kgyF00 39.6000
1w74B00 1fnhA02 21.7000
1smpI00 1iiiB00 20.6000
1lf7A00 1m9sA02 26.2000
1peeA00 1gxeA00 14.5000
1qftA00 1h3gA01 27.8000
1ew3A00 1a7bB00 36.4000
1gkaB00 1qhoA04 16.5000
1hn2A00 1lb4A00 27.4000
1exsA00 1jtzY00 22.5000
1eiiA00 1uy0A00 23.1000
1qwdA00 1dypA00 53.8000
1o8vA00 1cjdA02 19.5000
1epbA00 1pm7B00 14.1000
1oejA00 1nbcA00 26.6000
1xkiA00 1oczB02 22.4000
2f73C00 1fnhA01 14.9000
1avgI00 1rxlA00 17.8000
1swbC00 1nm4A00 29.2000
1ei5A03 1jbjA01 16.5000
1njiL00 1cvrA03 24.5000
1d6kA00 1i3rH02 22.4000
2cx8A01 1ub6L01 15.9000
1h9dB00 1gh5A00 34.0000
1rz2A00 1xb9B00 23.1000
1p6vA00 1jyvD01 20.2000
1f60A03 1gnzA00 28.6000
1gvhA02 2rs3200 30.9000
1kk0A02 1nobA00 33.0000
1dg1H03 1ncjA02 47.0000
1krhB02 1kiuM01 24.6000
1dg1H02 1uc6A00 16.3000
1g7sA02 1v27A00 21.8000
1jb9A01 1h3gB03 13.0000
2ahoA03 1bihB01 17.3000
2bm0A02 1olzB03 18.3000
1qfjD01 1p6fA01 19.0000
1wb3D03 1w0vA02 8.8000
1n0vC03 1hdfA00 36.4000
1ohhB01 1nlqA00 29.4000
1i18A00 1nukA00 32.1000
1kzlA02 1gzcA00 26.6000
1n08B00 1bev300 47.0000
1t6zB02 1qiuA02 34.9000
1vheA02 1edhA01 21.3000
1c5eC00 1urzA04 26.8000
1oh1A00 1p9mC02 21.4000
1f3wD03 1k5wA00 37.7000
1a3wB03 1nofA01 32.5000
1o67A00 1bihA03 29.0000
1yelA00 1zagB02 19.0000
1uz5A04 1pqzA02 27.4000
2fu3B04 1so9A00 24.7000
1twiA01 1dzlA00 34.6000
1hkwB01 2f17A01 17.2000
2napA04 3phmA02 17.8000
1wlfA01 1ms0A02 24.3000
1cz4A01 1uu4A00 9.8000
1n10A01 1y4kA01 14.6000
1h9jA01 1sddA02 23.2000
1ewhA02 1bvoA00 28.4000
1onlA00 1hwhB01 23.7000
1k8oA00 1r4xA01 19.0000
1et9A02 2gvyA02 11.2000
1bcpF00 1n26A02 13.7000
1bcpJ00 1f6aB02 10.1000
1uapA00 1cs6A03 23.6000
1b8aB01 1ogmX01 21.5000
1eqrC01 1vpnD00 26.3000
1pxfA00 1yjkA01 22.9000
1gd7C00 1yc6C00 59.1000
1pybD00 1oq1C00 22.3000
1ue1B00 2dcyD00 44.6000
1smxB00 1xp4C02 19.0000
1h95A00 1asqB03 23.6000
3ullB00 1imhC01 18.2000
1fguA01 1iarB02 24.1000
1a8vB02 1xq4C00 20.6000
1p8lA02 1t0oA02 38.1000
1khiA02 1ktkF01 28.1000
1eiyB02 1wlhA01 32.2000
1kl9A01 1pkqJ00 39.5000
1uebB02 1u00A01 19.0000
1fguA02 1cd3F00 38.0000
1iz6C02 1nt0G03 8.9000
1uebB03 1stmA00 23.8000
1k83H00 1yrzB02 22.6000
1qvcC00 1qhdA01 21.3000
1fl0A00 1nzoA02 26.7000
1hh2P02 1aspB02 27.3000
1xmoL00 1owrQ01 25.6000
1bbuA01 1vldR03 17.8000
1dgsB04 1tzaA00 19.4000
1qzgA00 1uh4A03 20.0000
1hr0W00 1ow0A02 18.9000
1x9nA04 1wlhA02 22.7000
1jt8A00 1fltX00 20.5000
1pfsB00 1m1gD02 15.5000
1d7qA00 1bshA01 14.3000
1nnxA00 1sppA00 14.7000
1bbxD00 1a34A00 15.6000
1pfbA00 1bev100 28.8000
1g6zA00 1ep0A00 24.9000
1qb5D00 1aspB02 23.5000
1eqvA00 1owrQ01 28.1000
5fivA00 1vldR03 27.4000
1nsoA00 1tzaA00 22.5000
1eiiA00 1jz8A05 27.1000
1p6vA00 1gp0A00 5.9000
1i18A00 4ovwA00 24.5000
2napA04 1jz8A05 17.1000
1gd7C00 1hn0A03 20.0000
1uebB03 1jovA00 11.5000
1bbxD00 1x1hA02 31.9000
1exsA00 1dfcB04 22.8000
1dg1H03 1r8nA00 17.6000
1oruB00 1wd4A02 25.5000
1eqrC01 1q1uA00 13.8000
1qvcC00 1dfcB02 19.1000
1qwdA00 1xd5B00 58.2000
1iwlA00 1cq3B00 24.0000
1iwlA00 1dfcB02 33.3000
1o7fA03 1lvnA03 53.3000
1ddlA00 1rwaA02 18.8000
1w0oA03 1hn0A03 57.1000
1yc6C00 1hm2A02 18.8000
1ji6A02 1so0D00 56.3000
1xu1B00 1q25A03 12.5000
1blbD02 1ksjB00 14.8000
1c3gA01 1xs1A00 35.0000
2fgwH02 1so0D00 32.1000
1urlA00 1o2fA00 27.7000
1u2cA01 1sm8C00 39.3000
1imhC02 1euwA00 25.5000
1ehxA00 1udxA01 29.3000
1hl8A02 1lvnA03 10.1000
1lxmA04 1z3vA00 18.4000
1iiiB00 1so0D00 28.4000
1p9mC01 1eguA01 11.7000
1owrQ01 1m3yB01 18.9000
1qleB01 1xs1A00 37.0000
1g1kB00 1w2zA03 30.3000
1qm6A02 1x1hA02 40.4000
1rc6A00 2f2fC00 33.3000
1f8vC00 1vclB01 22.4000
1kjrA00 1dfcB01 26.8000
1guiA00 1jlxA01 44.0000
1pk6A00 1upsA02 26.7000
1k3qA00 1pwaA00 11.2000
1ub6L01 2fo1A02 11.2000
1pqzA02 1avwB00 23.6000
1u2cA01 1fwuA00 21.0000
1je6A02 1qxmA01 18.4000
1pdkB00 1g9dA04 14.7000
1lmiA00 2f2fC00 22.0000
1ulvA03 1vclB01 28.6000
1gh7A01 1dfcB01 19.7000
1m1sA00 1jlxA01 21.7000
1utdM00 1upsA02 25.6000
1cwvA03 1pwaA00 25.9000
1gyuA00 1msaA00 15.2000
1m3yB02 1rzoD02 14.0000
1sh8B00 1r8eA01 55.2000
2go0A00 1oapA00 13.0000
1dv8A00 1d6tA00 9.6000
1x2tA00 1ca7C00 14.8000
1v7pB00 1gjvA01 17.5000
1wmzD00 1o0pA00 22.2000
1g1qB01 1ghhA00 20.0000
1oz7A00 2fqtA00 17.6000
1jznD00 1xrsB01 4.7000
1byfB00 1ojgA00 15.8000
1uexA00 1mwzA00 12.7000
1ja3B00 1fa0B01 16.3000
1kg0C00 1b76B01 13.4000
1rjhA00 1jg5E00 9.0000
2c2vH00 1mp9A02 23.3000
2gmiB00 1knyA01 28.3000
1i7kA00 1ydlA00 12.9000
1kpsC00 1k47D02 20.3000
1ukxA00 1jo0B00 21.1000
1lj0B00 1kq6A00 33.1000
1ldcA01 1arzD02 13.4000
1iq6A00 1nrvB00 8.5000
1q4tA00 1nm2A01 19.2000
1s5uD00 1in0A02 16.4000
1psuA00 1w5eH02 15.5000
1z6bD00 1oqvA00 43.2000
1pn2C01 1bzlA03 15.6000
1s9cK02 1t17A00 29.9000
1c8uA01 1cvjE01 30.9000
1s9cG01 1hr6D02 25.9000
1rnfA00 1mo1C00 10.4000
1h0dC00 1kkhA01 18.0000
1m07A00 1kptB00 19.7000
1mmiB02 1p52A02 35.5000
1vpkA01 1xmbA02 32.1000
1vpkA02 1g5hD01 53.0000
1lgtA02 1tuaA01 21.3000
2a4wA00 1egaA02 31.7000
1fa8A00 1td5D00 20.4000
1xrkA00 1t11A01 27.0000
1k4nA00 1f3vA00 34.5000
1r9cB00 1iktA00 40.2000
1cjxB01 1ttwA00 28.0000
1t47B01 1kfiB04 25.2000
1sqiA02 1y13C00 34.1000
1mpyA01 2nckL00 33.6000
1cjxA02 1tr0O00 33.3000
1mvkB00 1hnzC02 12.6000
1ibxB00 1hufA00 36.2000
1fnuD02 1gqiA01 31.6000
1hxyD02 1oo4A00 39.2000
1m4vB01 1w25A03 26.7000
1et9A01 1cs3A00 33.7000
1c4pB00 1comF00 20.9000
1mjdA00 1iwaH00 33.5000
1oeyL00 1xhcA03 31.5000
1q1oA00 2exlA00 40.6000
1t0sC00 1qm9A02 28.2000
1t3qD01 1mu7B01 11.4000
1krhB01 1xzpA01 6.3000
1oqrB00 1rhyA01 41.7000
1b9rA00 1ew0A00 21.5000
1i7hC00 1gxuA00 32.7000
1kf6N01 1b3tB00 21.4000
1jalB02 1adjD01 33.8000
2aczB01 1mszA00 26.3000
1e10A00 1pa4A00 16.9000
1tygB00 1iouA00 15.7000
1sf0A00 1q8kA03 33.5000
2glsE02 1naqD00 36.1000
2asqA00 1nh9A00 24.5000
1lxdB00 1hh2P01 30.7000
2fnjB00 1nvmD02 33.5000
1oeyA00 1zagB01 30.8000
1v49A00 1telA01 22.4000
1he8A01 2cyyA02 24.8000
1i42A00 1g2rA00 23.2000
1v5tA00 1yz9B02 13.5000
1h8cA00 1fhuA02 16.4000
1v86A00 2pldA00 20.2000
1uh6A00 1zzfB00 19.2000
1v5oA00 1d1rA00 22.8000
1n3fH00 1j7hB00 29.6000
1dq3A04 1nz0D00 48.8000
1m5xB00 1jrpC05 21.1000
1vdeB02 1h7uA01 22.8000
1dq3A03 1x5uA01 27.0000
1b24A02 1v0sA02 19.2000
1h3eA03 1usoB00 25.1000
2gkjA02 1xmsA02 11.6000
1u1wA01 1p0zJ00 25.7000
1gqzA01 1urrA00 20.8000
1qyaB01 1hwiC03 10.1000
2sebB01 2akwB05 21.7000
1wlfA02 1h6hA00 29.9000
1cr5B02 1gr0A02 23.6000
1cz4A02 1oplA02 16.9000
1mr1D00 1dwnB00 7.6000
1h5pA00 1rqqC00 23.9000
1ptoC01 1wtbA00 14.5000
1vqnX00 1gccA00 39.0000
1cewI00 1jd1B00 19.1000
1n5hA00 1h7uB02 12.6000
1mwsA01 1fiqB03 25.9000
2uugD00 1z5cB01 24.7000
1goyA00 1no8A00 14.6000
1lvnA02 1byrA00 29.6000
1w2zA02 1l0wB03 25.9000
1a2vE02 1ubeA02 12.7000
1k41B00 1mzuA00 40.6000
1tp6A00 1opzA00 32.0000
1jkgA00 1qaxB01 34.5000
1gybB00 1nj8C01 52.9000
1m98A02 1v8cD02 20.5000
1q40B00 1ib8A01 27.5000
1jkgB00 1gw5M01 30.4000
1of5A00 1vqyF00 24.2000
1lg7A00 1wtbA00 31.9000
1vkbA00 1gccA00 20.4000
2dt1A02 1qd9C00 13.3000
1w9uB02 1mg7B02 28.2000
1jndA02 1ca7C00 22.5000
1j6yA00 1l0oA00 34.6000
1kt0A01 1o6xA00 14.7000
1y0oE00 1g5hD01 27.1000
1jvwA00 1tuaA02 35.9000
1jntA00 1hh2P04 27.5000
1x9yD01 1iouA00 24.2000
1e87A00 1j57A00 12.7000
2afpA00 1nslC00 11.9000
1cxyA00 1j7nA04 39.2000
1pn2C02 1rz9E00 40.3000
1mmiB02 1q2yA00 48.7000
1k4nA00 1r54A00 24.4000
1k7yA02 1r0vB02 25.2000
1c4pB00 2a4nB00 32.8000
1oqrB00 1jhwA01 14.4000
1tygB00 1hynQ00 36.1000
1kotA00 1q2dA00 51.4000
1se9A00 1cnuA00 21.8000
1p32C00 1v2bA00 44.5000
1k8iA01 1i12A00 20.9000
1rn7A00 1tlbW00 27.8000
1w2zA02 1iykB02 24.6000
1q40B00 1oz9A00 23.9000
1jndA02 1l5iA00 43.1000
1g1qB01 1dl5B02 12.7000
1dv8A00 1pmaK00 10.8000
1jwiB00 2fakZ00 7.7000
1kpsC00 1ychD01 20.5000
1psuA00 2cbnA00 30.0000
2i5sX00 1k07A00 29.7000
1xrkA00 1xm8B00 14.1000
1tsjA00 1ko3A00 19.6000
1bmlC01 1i7qA00 51.1000
1b9rA00 1f89B00 17.7000
1htqH02 1hzgA00 36.4000
1l7yA00 1vybA00 28.4000
1p8kZ02 1b65A00 31.2000
1u1wA01 2cv9A00 40.1000
1ufnA00 1g5bA00 22.7000
1goyA00 1it6A00 18.7000
1tuhA00 1ofeB01 41.5000
1nh6A03 1iruY00 16.5000
1x9yD01 1g65O00 40.9000
1oeyL00 1g62A00 15.8000
1x9yD01 1bwdA00 25.5000
1wmzD00 1n60B01 11.1000
1h8uA00 1kv3B02 42.9000
1cwvA05 1sglA00 19.7000
1i7kA00 1sawA00 26.5000
1ldcA01 1ni7A00 18.5000
1njkA00 1kafA00 28.9000
1c8uA02 1u4hA00 25.4000
1h0dC00 1m35A02 14.6000
1vpkA02 1mhdA00 15.2000
2c21B00 1sglA00 4.7000
1cjxB01 1iryA00 29.1000
1cjxA02 1vjfA00 45.4000
1hxyD02 1hyhB02 30.8000
1bmlC01 1lm5A00 30.6000
1sb3F01 1aqiB02 10.8000
1b9rA00 1v3yA00 19.1000
1jrpC01 1d4dA03 18.8000
1htqH02 1xsaA00 21.4000
2fnjB00 1jcuA00 20.6000
1i42A00 1i10C02 23.6000
1uh6A00 1dgjA03 16.4000
1dq3A04 1ldnB02 40.8000
1b24A02 1jrpB01 16.7000
1u0kB01 1s6yA02 24.7000
1wlfA02 1iu4A00 16.5000
1h5pA00 1q48A00 26.6000
1cewI00 1j21A02 18.8000
1goyA00 1ptoG00 37.7000
1nu3B00 1lmeB00 36.5000
1tuhA00 1qo8A01 18.7000
1of5A00 1kt9A00 39.8000
1nh6A03 1r58A01 24.2000
1kt0A02 1qgwA00 20.0000
1x9yD01 1jy5B00 22.5000
1qvgN00 1itzC03 36.5000
1d8iC00 1r44A00 18.7000
2rusA02 1eo1A00 32.4000
1yrrA02 1iv0A00 35.1000
7reqA01 1t6dB01 41.7000
1e0tB02 1glaG01 35.2000
1u83A00 1xnrK00 13.7000
1jvnB02 1h4xA00 42.5000
1tb3H00 1hf2C01 43.6000
1gzjB00 1qmiA02 22.6000
1izkA02 1wsjE00 20.3000
1jyhA00 1r1mA00 10.8000
1d5yD03 1pieA01 43.8000
1ps3A01 2f8aB00 34.1000
1njjD02 1du4A00 44.3000
1ko0A02 1amoB01 33.2000
1twiA02 2bp7D02 23.1000
1qwkA00 1r26A00 28.4000
1vp5B00 1odlF00 51.2000
1pyfA00 1rflA00 42.4000
1pz1B00 1h4vB02 34.0000
1qrqA00 1r5tB00 20.7000
1mzrA00 1p1cB00 32.5000
1og6A00 1puiA00 56.2000
1q2sB00 1id1B00 37.0000
1ir2D02 3pmgB02 37.1000
2rusA02 1fbtB00 24.1000
1gehC02 1z06A00 57.2000
1telA02 1g0oD00 38.9000
1wufB02 1ekjE00 22.8000
2dw7N02 1uanB00 49.3000
1f9cA02 1zesA00 25.2000
1jdfB02 1qorA02 17.9000
2fymA02 1xfkA00 39.9000
1fhuA01 1dd8C01 30.1000
1jpdX02 1e4eB03 17.9000
1chrB02 1hybA00 44.1000
2d2gA00 2bewA00 26.7000
1k1dH02 1bq7C00 36.0000
1nfgB02 1thtA00 69.5000
1ra5A02 1ydgH00 41.4000
1j79A00 1ik6A02 45.6000
1a5kC02 1m2aB00 41.8000
1ndvA00 1g2oB00 50.2000
1p1mA02 1vyvB02 51.3000
1bf6B00 1httA02 17.1000
1o12A02 1oi0C00 21.3000
1itqB00 1g60A00 31.9000
1yrrA02 1ji0A00 41.2000
1j6oA00 1hyhC01 48.3000
1pb0C00 1c47A01 51.0000
1gkrB02 2hiaA00 30.7000
1v77A00 1zbdA00 46.3000
5xinA00 1wntD00 39.5000
1qtwA00 1t75D00 25.9000
1i60A00 1v8dA00 23.3000
1k77A00 1zh4A00 47.5000
1a0dC00 1szjG01 46.2000
1tz9B00 1c3sA00 52.5000
1djwB03 1tqyH01 39.2000
1o1zA00 1b6sA01 12.7000
1q7qB02 1korC01 59.7000
1eyeA00 1umcC00 47.7000
1ad1B00 1nm3B01 22.0000
1f6yA00 1m33A00 45.5000
1jpkA00 2bzsA00 28.9000
1j93A00 1tkcA03 36.9000
1k87A03 1oazA00 24.2000
1i9cB01 1sd1A00 42.4000
4reqB01 1texA00 48.9000
7reqA01 1atiB02 24.8000
1brlA00 1af2A01 28.6000
1rhcA00 1xdzA00 47.9000
1f07A00 1q3hB00 36.9000
1nqkA00 1xcbB02 42.6000
1lq2A01 1kfiB01 50.1000
1y65A00 1cviD00 42.7000
1q85B01 1kdpA00 45.6000
1umyC00 1h5qA00 44.4000
1w1a100 1g5cE00 34.5000
1twdB00 1vkrA00 27.4000
1vizB00 1dz3A00 29.1000
1hgwB00 1kolA02 35.4000
1dysB00 1t64A00 39.7000
1vkfA00 1u0mA02 29.2000
1vpqA00 1ea7A00 37.2000
1xrsA00 2i1lB01 41.6000
1s2vA00 1w88C00 65.0000
1o68B00 1nm3B02 47.7000
1oy0C00 1jt2A00 38.8000
1dxfA00 2f1oD00 40.0000
1f3wD02 1qgdB03 47.2000
1izcA00 1quwA00 25.2000
2dikA04 1v4nA00 35.1000
1f8mD00 1q44A00 55.4000
1vgaA00 1qe0A02 30.0000
1jcjA00 1vk9A00 35.2000
1gvfA00 1nt2A02 29.3000
1jqvA01 1wf3A01 48.0000
2b4gC01 2hmsB00 29.4000
1t0oA01 1j9lA00 24.7000
1ktcA01 1vl1A00 16.3000
1cx9A00 1uj2B00 55.4000
1f6pA00 1xseA00 57.5000
1gpwC00 1oozA01 60.7000
1ujpA00 1vl6D01 31.5000
1wdwG00 1p2fA01 33.2000
1nvmC01 1u7tB00 34.4000
1g69B00 1ooyA02 44.8000
1i8jB00 1lqjC00 33.9000
1h50A00 1yu6A00 54.6000
2g5wB00 1mjhB00 20.9000
1bwkA00 1ni4C00 48.7000
1u83A00 1fovA00 18.9000
1btmA00 1fj2A00 41.3000
1aw1A00 1rliC00 14.5000
1b9bB00 1r9jB03 56.9000
1lp6A00 1zzoA00 32.9000
2czeB00 1q1gC00 39.3000
1gthB05 1qhyA00 46.5000
1o5kB00 1nf8A00 41.8000
1xkyD00 1uslB00 30.6000
1o60C00 1dl5B01 34.2000
1fcqA00 1egaB01 32.4000
1vc4B00 1lj8A01 47.9000
1ojxG00 1l5xA00 49.7000
1ub3C00 1frzA00 29.7000
1o0yA00 1skqA01 38.6000
1mzhB00 1iukA00 40.0000
1wv2B00 1k6dA00 45.4000
1e51B00 1t1jA00 31.4000
1h7oA00 1ny5A01 40.8000
1of6E00 1yjqA01 50.9000
1p0kB00 1xr4A02 52.2000
1huvA00 1udiE00 39.2000
1jvnB02 2hd4A00 25.1000
1i2rB00 1gpmA02 38.9000
1euaB00 2c42A06 34.8000
1tqjA00 1nhyA01 25.3000
2fliD00 1tqhA00 68.3000
1h1zA00 2fz5A00 39.2000
1qo2B00 1itzC03 37.5000
1sflA00 1senA00 24.4000
1vliA01 1cddA00 27.5000
1ep1A00 1skyB02 47.9000
1n7kA00 1j2rD00 46.6000
1f76B00 1o1xA00 36.8000
1tv5A00 1xj5C02 39.1000
1xi3A00 2gf0B00 56.4000
1dosB00 1vjpA01 78.2000
1eepA00 2cyjA00 31.5000
1tqxA00 1m0sA01 42.3000
1to3A00 2b7cA01 22.1000
1vhcC00 1hygA01 44.9000
1xdmB00 1xr4B01 30.6000
1vlwC00 1wviC02 40.0000
1j5tA00 2ftkG00 66.0000
1tb3H00 1sbyB00 52.3000
1szeB01 1poiB00 24.6000
1v5xA00 1l9gA00 39.8000
1dbtB00 1wmdA01 29.9000
1jjkN00 1jmvC00 29.8000
1hg3D00 2bp7C00 48.8000
1ps9A01 1n8jB00 63.0000
1qpqE02 1lgyA00 21.5000
1o4uA02 1vmeB02 42.0000
1r30B00 1ni4D02 25.0000
1kfwA01 1pqnA00 44.0000
1w3hA00 1rbyA00 26.1000
1us2A02 1knxD02 48.6000
1b3vA00 1yacA00 48.1000
1g0cA00 1nn4B00 25.3000
1qnpA00 1eizA00 19.9000
1r86A00 1g3rA00 42.4000
1ur1A00 1o5iC00 33.3000
1gw1A00 1ihnB00 18.9000
2bvtA01 1lk5C01 43.8000
1ffrA02 1r5oA01 49.9000
1tr1C00 1ojuA01 32.1000
1gzjB00 1poiC01 53.4000
1avaA01 1wkcA00 37.9000
2guyA01 1oxkD00 19.5000
1xyzA00 1npyD02 52.2000
1vbrA00 1bouD00 44.5000
1g94A01 1oe4A00 38.7000
1jndA01 1ke1A00 29.6000
1e9lA01 2a1uB00 18.4000
1guvA01 1qrhA00 36.2000
1ghsA00 1e2yE00 34.3000
1kwkA01 1ufoB00 55.0000
1tg7A01 1bvyF00 42.8000
1w9uB01 2c3yA02 33.0000
2nsxB01 1su9B00 41.9000
1tvnA00 2cfiA01 44.1000
3manA00 1j99A00 50.4000
1wkyA01 1ilwA00 30.1000
1wcgB00 1ejjA01 54.6000
1qhpA01 1vl5C00 49.7000
1uksA01 1hyqA00 28.3000
1hp5A01 1yl7D01 36.2000
1eqcA00 1l1sA00 32.3000
1izkA02 1uj4A01 16.8000
1nofA02 1lb1H00 25.7000
2bs9H02 1vl6D02 35.2000
1j10B01 1oxwB00 67.4000
1vjzA00 1souA00 26.8000
2ccrA00 1r8jA01 18.5000
1hl9B01 1xltE02 59.1000
1dwfM00 1f9tA00 23.3000
1om0A00 1mugA00 63.1000
1h3gA02 1gtl200 42.5000
1eokA00 1mc1A02 26.4000
1lwhA01 1d02A00 62.3000
1c7sA03 2bjxA00 40.5000
1jfxA00 1wpxA01 53.8000
1ehaA01 2gswC00 27.1000
1uwuB00 1l8aA03 39.7000
1x1nA01 1gh2A00 24.5000
1cwyA00 2fmtB01 38.9000
3pbgB00 1q20A00 62.3000
1obaA01 1nbaC00 42.1000
2pflB00 1rlkA00 39.4000
1c8zA00 1j3gA00 29.9000
2fymA02 1dxlB02 39.1000
5xinA00 1fl2A02 19.9000
1f07A00 1ps9A03 33.3000
2dikA04 1xhcA01 32.7000
1u83A00 1ng3A01 41.0000
1dqxC00 1onfA01 17.4000
1epxD00 1q5xC00 32.1000
1ur1A00 3ezbA01 37.4000
1tvnA00 1kp8I03 35.2000
1c7sA03 1ebdB02 28.0000
1ir2D02 1io0A00 31.8000
1vizB00 1jl5A00 45.5000
1euaB00 1dceC03 41.0000
2nsxB01 1kooB00 21.9000
1twiA02 1iniA00 55.3000
2dw7N02 1q8fB00 38.6000
1bf6B00 3uagA03 39.0000
1djwB03 1ro8B00 31.4000
1f07A00 1vpaB00 30.2000
1m3uE00 1g97A01 58.9000
1cx9A00 1tyfG00 45.0000
1xbyB00 1d5rA01 14.5000
1h7oA00 1cj0B01 38.5000
1n7kA00 1wvcA00 47.4000
1v5xA00 1k4vB00 43.1000
1ur1A00 1j6uA03 37.0000
1ghsA00 1rpmB00 44.3000
1nofA02 1u14A00 40.6000
1bhgB03 1iniA00 40.7000
1qndA00 1veaB00 22.9000
1jo0B00 1xizB00 37.4000
1gtdB00 1xd3C00 41.2000
1jd1B00 1tlbW00 19.3000
2cw0B01 1iidA02 20.1000
1j6xA00 1pwqA01 57.3000
1r44A00 1l5iA00 34.1000
1u2vF00 2evnA00 31.3000
1wibA00 1ge5A00 12.8000
1mgtA01 1knxC01 40.9000
1oqvA00 1qsmD00 12.3000
1d6tA00 1c7kA00 21.5000
1ubeA02 1ksxF00 13.3000
1nyeA00 1i12A00 30.9000
1e42A02 1wnaA00 30.5000
1dapB02 1j3gA00 26.8000
1qmiA02 1e4eB03 20.2000
1brsF00 1hybA00 26.8000
2dw6D01 1qpvA00 15.1000
1vsmA00 1vh0C00 42.3000
1wsjE00 1sa0C01 18.2000
1k6yA02 1l2tA00 18.4000
1j53A00 1j5pA01 42.9000
1njyA01 1c47A01 33.3000
2ktqA01 1fvoB01 30.7000
1ytaB00 5ukdA00 26.8000
1hjrA00 1pl6D02 25.3000
1vk0E00 1v8aA00 37.8000
1fxxA01 1ovmC02 24.0000
1tkzA05 1zbdA00 26.5000
1krpA01 1ojuA01 43.9000
1kcfA00 1e19B00 46.8000
1uocA00 1vyhM00 37.0000
1q82O00 1dg1H01 27.7000
1ilyA00 1qkiC01 27.5000
1p90A00 1v8gA02 33.9000
1o13A00 1wkcA00 24.7000
1rduA00 1w25A02 27.2000
1eo1A00 1b8uA01 34.4000
1ovqA00 1rlzA00 24.9000
1iv0A00 1f2vA00 55.4000
1t6dB02 1jlkB00 41.2000
1woqA02 1szjG01 22.7000
1t6dB01 1bouD00 27.3000
1jcgA01 1c8bA00 53.1000
1glaG01 1yfzA00 24.5000
1glaG02 1gufA02 36.1000
1dt9A02 1hdhB01 54.5000
1xquB00 1hqz400 22.1000
1ew0A00 1v5zA00 27.0000
1tf1A00 1p4nA01 29.7000
1no5B00 1m4jA00 42.9000
3fruE01 2h5mA00 21.1000
1yvhA03 1tviA00 13.1000
1xn5A00 1gpqA00 15.4000
1c4tC00 2bjxA00 40.8000
2exlA00 1nslC00 26.5000
1p52A02 1j7nA04 56.9000
1mwzA00 1cnuA00 12.8000
1vqyF00 1xkrA00 28.7000
2b8pA00 1vggB00 35.6000
1ybaB03 1vggB00 28.6000
1yi2S00 1wnaA00 19.1000
1whvA00 1veaB00 25.8000
1b3tB00 1tlbW00 41.2000
1f3vA00 1tlbW00 40.3000
1k47D02 1tlbW00 35.5000
1lxjA00 1tlbW00 28.9000
1gccA00 1t5tA03 16.6000
1vc1B00 1qxhB00 32.3000
1th8B00 1wm1A00 24.7000
1hf2C01 1czoA00 30.1000
1kyoL02 1jhwA01 28.1000
1dujA00 1hynQ00 40.9000
1qe0B01 1q2dA00 34.7000
1xviA02 1cviD00 38.8000
1wsjE00 1vqwA02 30.0000
1iv0A00 3ladB02 37.3000
1yhqD00 1jw3A00 30.8000
1sizC00 1dl5B02 3.9000
1nh9A00 1iru100 37.1000
1dwkJ02 1p9eA00 24.0000
1ipaA01 1ww1B00 28.8000
1xv2A02 2aioA00 28.2000
1f7uA03 1kr3A00 32.2000
2ffmA00 1m2xB00 26.0000
1u2vD02 1qdlA00 36.4000
1wibA00 1emsB01 29.5000
1okgA03 1fo6D00 18.3000
1d6tA00 1i9zA00 31.7000
1xp8A02 2f2fE00 26.9000
1hh2P04 1ntfA00 26.4000
1r4xA02 1b65A00 24.9000
1arzD02 1t71A00 26.6000
1kkrA01 1su1D00 33.6000
1kpeA00 1uf3B00 28.4000
1ew0A00 1nnwB00 40.0000
1f5mA00 1it6A00 19.9000
1ou5B01 1ofeB01 32.1000
1f1wA00 1ct9C01 34.9000
2eu0A00 1rypY00 28.1000
1h7uA01 1j2qK00 23.2000
1avzA00 1g65200 19.1000
1pbuA00 1g0uU00 25.8000
1wj9A02 1z7qF00 45.3000
1sizC00 1j2pG00 23.0000
1jjhC00 1iru100 30.0000
1rkjA02 1p9eA00 21.3000
1xmbA02 1ww1B00 24.4000
1vmbA00 2aioA00 16.9000
1in0B01 1kr3A00 19.7000
2cyyA02 1m2xB00 43.1000
1vcbK00 1qdlA00 33.5000
1hr7E02 1emsB01 23.1000
1whzA00 1fo6D00 26.1000
1b70A00 1i9zA00 47.0000
1rs4A00 6jdwA00 54.3000
1gpmA03 1yniD00 29.8000
1h2oA00 1g61A00 27.3000
1kn6A00 2ewoF00 34.0000
1t6dB02 1ogqA00 52.2000
1h0yA00 1o8rA00 16.1000
1je3A01 1o0xA00 23.7000
1hnzC02 1fteC00 40.6000
1t4aB00 1iooA00 18.2000
1vq5F00 1f3yA00 27.8000
1jd1B00 2nvqE02 32.2000
1xv2A02 1hyeA02 38.6000
1uv7B00 1brwA01 32.5000
1f7uA03 1mdtA01 30.7000
1tuaA01 1kv3B02 22.2000
2ffmA00 1vqvA02 16.0000
1yhqD00 2g73A00 30.0000
1u2vD02 1k4iA00 17.4000
1owtA00 1ceqA02 53.3000
2j0qF00 1o4uB01 27.6000
1t4oB00 1y4jA00 21.7000
1okgA03 1lm7B00 31.7000
1iahB01 1giqA02 40.7000
1d6tA00 1ugqA00 33.9000
1kvkA01 1gecE00 31.5000
1xp8A02 1bolA00 20.0000
1kkgA00 1fiqC01 16.5000
1hh2P04 1ojzA00 39.4000
1mp9B01 2ahjC00 23.0000
1kfiB04 1iooA00 46.0000
1tveB02 1sawA00 20.7000
1gr0A02 1ni7A00 29.8000
1dwnB00 1lm7B00 41.5000
2dw6D01 1qxyA00 36.5000
1xdiB03 1qgwA00 37.5000
1j53A00 1p3dA03 31.1000
1o13A00 1vr0B00 39.5000
1kpeA00 1y4jA00 21.4000
1mwwB00 1sgxB02 47.5000
1ew0A00 1mwpA00 15.2000
1ll8A00 1fcdA03 29.8000
1f5mA00 1gttA02 34.2000
2j3wA00 1ordA04 42.4000
1kutB02 1u8xX02 38.8000
1uqsA01 1mzgB00 23.7000
1ka7A00 1iuhA00 23.3000
1oo4A00 1q60A00 33.7000
1ju5A00 1r58A01 16.0000
1xn5A00 1d4dA03 16.9000
1h7uA01 1ryaB00 7.5000
1jm6B01 1nr9A00 37.4000
1avzA00 1qo8A01 9.6000
1s6oA00 1punA00 27.6000
1u2cA02 1ceqA02 25.5000
2hzvF02 1dgjA03 19.3000
1ydlA00 1xgsA01 31.2000
1k44F00 1cliA02 34.4000
2c3yA05 1mp2A00 13.4000
1ybaB03 1eikA00 28.5000
1zzfB00 1q81J00 25.5000
1cvjE02 1giqA02 25.6000
1fjeB01 1i4jA00 21.3000
1o0pA00 1fcdA03 10.7000
1cg2C02 1tkuB00 25.2000
1ftrD02 1hyeA02 20.5000
1regX00 1u4hA00 28.5000
1naqD00 2hmkA01 31.0000
1pieA02 1v9hA00 41.6000
1q53A00 1qcnB02 20.8000
1lxnC00 1b8uA02 25.6000
1eodA00 1epwA01 54.0000
1hf2C01 1cj0B01 33.5000
2a06B02 1v9hA00 18.0000
2j02S00 1g0sA00 24.3000
1qk9A00 1k9mG02 30.8000
1g5hD01 2j5qC02 18.8000
1hc7C01 1q60A00 20.4000
1yb3A00 2ahjC00 46.2000
1poiC01 1dxlB02 35.1000
1v1bA00 1fl2A02 44.8000
1vh0C00 1ps9A03 27.0000
1oi0C00 1xhcA01 20.6000
1uarA01 1ng3A01 26.3000
1v9wA00 1onfA01 21.0000
1qxhB00 1q5xC00 40.4000
1bg3A04 3ezbA01 43.1000
1udiE00 1kp8I03 11.4000
1imoA00 1ebdB02 21.8000
1nriA00 1dxlB02 43.0000
1ebbA00 1fl2A02 51.8000
1ofuB01 1ps9A03 26.1000
2admB01 1xhcA01 28.2000
1pk9B00 1ng3A01 26.1000
1hdeA00 1onfA01 30.7000
1fj2A00 1q5xC00 28.6000
1sbzB00 3ezbA01 34.4000
1zn7B00 1kp8I03 49.1000
1k66A00 1ebdB02 33.9000
1k98A01 1dxlB02 67.4000
1lb1H00 1fl2A02 33.8000
1b0uA00 1ps9A03 46.1000
2g2jA00 1xhcA01 14.8000
1texA00 1ng3A01 54.4000
1zakA00 1onfA01 54.4000
1n3yA00 1q5xC00 43.7000
1k97A01 3ezbA01 31.6000
1lquA01 1kp8I03 59.3000
1sbyB00 1ebdB02 43.3000
1jw9B00 1dxlB02 42.7000
1vl8A00 1fl2A02 26.1000
1id1B00 1ps9A03 28.7000
1xmpA00 1xhcA01 60.5000
1u9cA00 1ng3A01 33.0000
1gqoJ00 1onfA01 39.0000
1qgdB02 1q5xC00 19.8000
2c42A06 3ezbA01 25.9000
1w0dB00 1kp8I03 42.1000
1yrsA00 1ebdB02 49.8000
1p4nA01 1vzyA01 48.8000
2fufA00 1j2qK00 32.0000
1cnuA00 1g65200 36.0000
1pwqA01 1g0uU00 52.6000
1mk4B00 1z7qF00 33.6000
2h5mA00 1j2pG00 25.2000
1a3aA00 6jdwA00 34.2000
2nvqE01 1fs2C00 39.0000
1f9mB00 1w8aA00 18.7000
1u0mA01 1ds9A00 21.6000
1zpdB02 1p8tA00 26.5000
1vlmA00 1otoA00 32.3000
1lgyA00 1pgvA00 24.6000
1m5uA00 1fs2C00 46.6000
1kk0A01 1w8aA00 17.9000
1uf9A00 1ds9A00 60.7000
1korC01 1p8tA00 25.8000
1jw9B00 1otoA00 57.5000
1uh5A00 1pgvA00 35.8000
1l8aA03 1fs2C00 44.9000
1t5gC00 1w8aA00 34.8000
1brwA02 1iinB00 54.8000
1cjyA02 1u14A00 22.6000
1ewqA01 1k4iA00 27.3000
1vk4A00 1fpzB00 25.1000
1ihnB00 1k7kA00 33.7000
1r9wA00 1fcdA03 48.4000
1a3xA01 1jv3A01 51.7000
1gpqA00 1fiqC01 20.8000
1vggB00 1vkiB00 50.5000
1cnuA00 1qxyA00 32.4000
1njrA00 1o23B00 27.4000
1rw1A00 1on9A02 18.5000
1syrJ00 1p15B00 25.5000
1axdB01 1zwyA00 19.7000
1iloA00 1vgwA00 17.4000
1bswA00 1qrkA02 45.0000
1oz9A00 1jqpA02 15.7000
1wveB03 1lttA00 32.2000
1k1eA00 1xriB00 26.5000
1kzyC01 1y7oB00 23.1000
1t1jA00 1rxdB00 39.6000
1z8hC00 1wpnA00 20.3000
1ebbA00 1v7rA00 43.5000
2be9A01 1jylD00 38.1000
1jg3A00 1uyrB03 60.8000
1im8A00 1ohcA01 37.6000
1r6aA00 1m21B00 58.6000
2fmtB01 1s4nA00 7.8000
1xklD00 1vicA00 37.9000
1fj2A00 1j7xA02 42.6000
1qo9A00 1fprA00 45.7000
1ehiA01 1vp2B00 45.3000
1l1rA00 1fggA00 12.6000
1m5uA00 1w36B05 40.2000
1p6qA00 1o5zA02 38.5000
1t3hC00 1wpnA00 32.9000
1lb1H00 1v7rA00 26.9000
1vecA00 1jylD00 49.6000
1wf3A01 1uyrB03 40.3000
1udxA02 1ohcA01 13.8000
1xzpA03 1m21B00 45.6000
1jwyB00 1s4nA00 24.4000
1t5bA00 1vicA00 34.6000
1n3yA00 1j7xA02 38.4000
1kaqD00 1fprA00 45.8000
2a1uB00 1vp2B00 32.4000
1pzgC01 1fggA00 21.7000
1kolA02 1w36B05 31.6000
1ooeB00 1o5zA02 29.2000
1gpjA02 1wpnA00 41.4000
1vl8A00 1v7rA00 48.2000
1mfzA01 1jylD00 44.6000
1lssA00 1uyrB03 36.2000
1umkA02 1ohcA01 10.4000
1ilwA00 1zwyA00 28.1000
1oi4A00 1vgwA00 24.7000
1qgdB03 1ezrA00 36.8000
1itzC02 1p3dA03 42.3000
1upaA01 1vr0B00 27.8000
1dmuA00 1vpaB00 57.7000
1i12A00 1u4hA00 43.0000
1vhsB00 1m35A02 42.9000
2evnA00 1mhdA00 16.6000
1w0dB00 1w36B05 38.5000
1c3sA00 1excA00 46.8000
1y88A01 1cj0B01 12.8000
2f7wA00 1lyvA00 35.6000
3ezbA01 1m21B00 33.0000
1gthB04 1vpaB00 50.4000
3ladB02 1g97A01 43.1000
1dl5B02 1i7qA00 19.0000
1ya7I00 2ewoF00 25.7000
1i9zA00 1lmeB00 37.7000
1i7qA00 1qo8A01 23.4000
1vmeB01 1qgwA00 19.3000
1p9eA00 1jy5B00 31.1000
1iru200 1q27A00 28.7000
2gplI00 1eikA00 29.1000
1q15C01 1y6jA02 38.8000
1nnwB00 1j21A02 52.8000
2cv9A00 1ptoG00 43.0000
1vkpB00 1e6vC00 32.2000
1ookG00 1o5zA02 41.8000
