1j2xA00 1wq2B00 4.9000
2f5dA01 1p4xA01 -19.2000
1rz4A02 1iuyA00 -32.0000
1kyzA01 1fshA00 -32.2000
1fzpB00 1zq3P00 -22.3000
1aplD00 1ignB01 -34.9000
1gqmD00 1q80A00 -22.0000
2ev0A02 1f5tC02 28.3000
1bbhB00 2fapB00 -44.0000
1sfcJ00 1jy2R00 -28.9000
1klxA00 1bpoC02 -52.1000
1ojvA03 1c1zA01 58.8000
2dynB00 1kz7A02 -5.8000
1xniC02 1j3tA00 -10.9000
1kwaA00 1v62A00 71.8000
1fr3D00 1p8lA02 7.7000
1v1qA00 1quqA00 -3.3000
1qvcC00 1pfsB00 -72.0000
1mec100 1bev100 86.1000
1bkzA00 1a78B00 132.1000
1ub6L02 1fyhE01 -19.5000
1eibA01 1fieA04 -28.6000
1zglV01 1bqhK00 44.7000
1xauA00 1fltX00 4.7000
1wwwY00 1pl3B00 -54.1000
1im9D01 1bp3B02 -11.4000
1pqzA02 1cwvA01 -22.1000
1qz1A01 1j48B00 -13.4000
1bqsA02 1j48B00 4.4000
1cs6A02 1pdkA01 -34.0000
1wlhA03 1j8kA00 -9.3000
1u2cA01 1cwvA03 -5.4000
1olzB03 1tzaA00 -35.5000
1ao7D00 1f1gC00 -43.1000
1mq8A01 1j8kA00 -34.0000
1dr9A01 1j48B00 -20.1000
1n26A02 1xvsB00 -37.5000
1hxmG01 2cumA00 -22.1000
1kydA01 1z9sA01 -11.3000
1m9sA02 1p9mC01 -19.2000
1tzaA00 1iarB01 -53.0000
1bquB01 1dqiB00 -26.6000
1lqsR02 1l0qD02 -18.4000
1imhC01 3tf4A02 -9.9000
1dv8A00 1jwiB00 164.9000
1sxtA02 1v49A00 9.9000
1b9rA00 1he8A01 -62.4000
1w2zC01 1w2zA02 -7.1000
1hkwB02 1g69B00 -16.2000
1lqaB00 1mzhB00 -61.1000
1it8B01 1w3hA00 16.0000
1wufB02 1gkpA02 -39.4000
1jpmB02 1o0yA00 11.0000
1k1dH02 1kcxA02 519.6000
1a5kC02 1kxtA01 -31.4000
1itqB00 1qpqE02 -142.6000
1d8wD00 1itxA01 -8.3000
1t8qA00 1vjzA00 6.4000
1f6yA00 1o5kB00 -10.6000
7reqA01 1nqkA00 -66.8000
1fvpA00 1jfxA00 -65.5000
1vpqA00 1vgaA00 -3.7000
1f3wD02 1r86A00 -67.4000
1cx9A00 1xyzA00 -23.4000
1btmA00 1avaA01 -53.3000
1o0yA00 1gw1A00 -67.3000
1h1zA00 1tr1C00 -165.1000
1epxD00 1hjvC01 -53.8000
1w3hA00 1wkyA01 15.7000
1guvA01 1uwuB00 -91.6000
1tuaA01 1k1gA00 -7.3000
1ewrA01 1ovqA00 -10.2000
1gxuA00 1tuwA00 12.2000
1mwzA00 1sb6A00 42.5000
1j27A00 1gmuD01 -40.8000
1azsA00 1h2uY00 -29.1000
1gehC01 1ekrA00 -20.3000
1u8sB01 1o6xA00 -27.7000
1hl6C00 1s79A00 -14.6000
1vgyB02 1q53A00 -20.2000
1v6hB00 1tr0O00 29.5000
1rw1A00 1fo5A00 -38.3000
1axdB01 1y25A00 -71.8000
1u8uA00 1r9gA00 -2.2000
2fr8A01 1e1cB02 -33.3000
1ji3B00 1hlgB00 -11.8000
1w25B01 1qp8A01 -9.4000
1jllD02 1r9gA00 -2.2000
1t3hC00 1z06A00 -2.4000
1z06A00 1uf9A00 1.3000
1u94A01 1texA00 -35.8000
1g7tA01 2gf0B00 18.2000
1q3hB00 1e0jA00 20.7000
1nktA03 1p75A00 -38.3000
1x77A00 1gpwD00 31.6000
1c1xA02 1hygA01 -32.1000
1jaxB00 1iyzA02 -2.5000
1sbyB00 1y9eF02 -60.9000
1ooeB00 1h2bB02 -81.5000
1ja9A00 1xq6B00 -9.0000
1ez4C01 1u1iC01 -91.9000
2fwnA01 1itzC01 -79.5000
1lqtB02 1ksuB03 -31.0000
1t70F00 1t71A00 329.7000
1j2xA00 1i5nD00 -46.8000
1fbsA00 1j30A00 -38.1000
1in6A02 1rqvB01 -22.4000
1t6sB01 1otvB00 -133.5000
1yo5C00 1eq1A00 -37.7000
1stzB01 1sq3K00 -38.7000
1sfxB00 1i6zA00 -14.1000
1zn2A02 1eqfA02 -49.0000
1cf7B00 1dovA00 -80.5000
1kyzA01 1jgcA00 -46.5000
1hstA00 1ugoA00 -20.9000
1j5yA01 1eo0A00 -16.5000
1cf7A00 1l7cB02 -20.5000
1pp8V00 1uvhD00 -8.0000
1u6gA07 1uurA01 -24.1000
1o7fA02 1dvkA00 -27.2000
1e17A00 1jraC00 -8.4000
1fshA00 1ps3A02 -14.0000
1wjfA00 1se7A00 -26.7000
1m1eB01 1rtwA00 -127.8000
1t6sB02 1sr2A00 -39.4000
1aplD00 1eumC00 -61.1000
1z0xA01 1y9bA00 -16.0000
1tc3C00 1e6iA00 -47.8000
1fexA00 1l7cA01 -49.7000
1iufA02 1nf6I00 -93.4000
1ce8G04 1y9bA00 -31.1000
1dljA03 1e6iA00 -25.4000
1gteC02 1l7cA01 -27.6000
1tbaA00 1v2aB02 -59.5000
1nbmD03 1n1fA00 2.8000
1n8lA00 1r2jA03 -61.0000
1eoqA00 1lvfB00 -6.5000
2hzvG01 1gnwB02 -72.5000
1w53A00 1n1fA00 -54.7000
1t9sB00 1uk1A01 -134.8000
1m80B01 1hbkA00 -15.8000
2a6hE00 2pmtC02 -19.6000
1n60D02 1vtmP00 -73.4000
1q3vB02 1r2jA03 -38.0000
1kl9A02 1lvfB00 -10.0000
1bvsE02 1f2eD02 -29.2000
1kftA00 1nogA00 -79.4000
1pk1D00 1u8vC03 -121.3000
1sv0C00 1ybzA00 -9.4000
1x9xB00 1gnwB02 -39.5000
1d8bA00 1ykbC00 -28.2000
1o0wB01 1x8zA00 -26.3000
1q08A00 1sghA02 -24.5000
1umqA00 3ljrB02 -83.0000
1u2vE00 1v66A00 -86.6000
1tl6A00 1rx0C03 -29.4000
1n1jA00 1hciA01 -15.8000
1tafB00 2f8fB02 -16.0000
1h3oC00 1t6uF00 -64.8000
1j0tA00 1ukwB03 -59.0000
1l9lA00 1e2aA00 -40.2000
1m31B00 1f2eD02 -10.4000
1xk4A00 1nogA00 -34.3000
1nshB00 1u8vC03 -89.7000
1uhiB00 1ybzA00 -81.4000
1iq3A00 1gnwB02 -31.9000
1h8bA00 1ykbC00 -60.0000
1ow4A00 1x8zA00 -17.6000
1ljpB00 1gg3B03 -16.1000
1mfqC00 1r5aA02 -28.6000
2or1L00 1n1fA00 -65.0000
1s7eA01 1gs0A01 -45.6000
1nh2B00 1nvlA00 -29.7000
1cxzB00 1mqvA00 -25.4000
1f4nB00 2f8fB02 -42.1000
1ivsB05 1cgmE00 -60.9000
1skvB00 1u89A00 -61.8000
1i11A00 1irmB00 -101.7000
1n81A00 3ng1A01 -45.9000
1vqrD00 1l7cB02 -114.4000
1xn8A00 1otkA00 -71.3000
1vi0A02 1se7A00 -35.5000
1m9dC00 1om2A00 -35.8000
1sh5B02 1oqcD00 -26.5000
1h67A00 1i4tA00 -46.6000
1iqvA00 1bgeB00 -44.8000
1d3uB02 1r0dA00 -60.3000
1xo2A02 1sghA02 -35.9000
7hbiA00 3ljrB02 4.9000
1cg8A00 1eteD00 -15.6000
3vhbA00 1sj8A01 -16.7000
1uvxA00 1hbuD03 -110.0000
1ithA00 1g7oA02 -13.6000
1allA00 1fyhA01 -17.3000
3ygsP00 1ik0A00 9.8000
1ichA00 2ck3H02 -52.8000
1xa6A03 1rcwA00 -7.6000
1hg4F00 1y6dA00 -88.8000
1gwxA00 1krqA00 -43.6000
3csmA00 1j5eT00 -115.7000
1n20A02 1eqfA01 -121.0000
1up8D00 1hy5A00 -418.3000
1mhzD00 2f2gA00 -144.0000
1eupA00 1pv3A02 -243.9000
1uedA00 1p22A01 -244.7000
1b4uC00 1hciA04 -20.7000
1h9eA00 2pmtC02 -45.5000
1iq0A03 1rmvA00 -15.4000
1oaeB00 1is2A03 -28.3000
1e29A00 1qsdB00 -8.9000
1m70C01 1axdB02 -39.2000
1kv9A02 1rtyC00 -28.8000
1rz5A02 1gjvA02 -6.2000
1h1oB01 1ecmA00 -23.5000
1mn3A00 1jzrD02 -107.2000
1q02A00 1bgeB00 -90.3000
1wivA00 1r0dA00 -107.5000
1no1A00 1i6zA00 -26.0000
1iieC00 1eqfA01 -56.6000
1eyvB00 1f1mC00 -26.8000
1s29A00 1wm5A00 -84.5000
1fseC00 1u6gC00 -1015.3000
1lvaA01 1w9cB00 -236.2000
1g4dA00 1m8zA00 -251.7000
1h88C01 1bk6A00 -341.6000
1irzA00 1dvpA01 -63.2000
1m1pE00 1n52A03 -155.8000
1w53A00 1dceC01 -192.9000
1jrpC02 1elwA00 -47.1000
1b4fC00 1qbkB00 -723.9000
1q08A00 1gw5A00 -347.5000
1aoiG00 1o6pA00 -282.8000
1xk4K00 1e8yA03 -38.8000
1snlA00 1wjtA00 -29.2000
1rioA00 1paqA00 -41.1000
1sesB01 1hu3A00 -50.5000
1x9nA01 1h2uB01 0.0000
1n34G00 1oczR00 -29.1000
1cg5B00 1rz4A01 -36.7000
1wmgC00 1w9cB00 -192.2000
1lv2A00 1m8zA00 -52.2000
1h5zA00 1bk6A00 -29.5000
1i8pB00 1szaA00 -21.6000
1iqcC02 1h0aA00 -30.9000
1gvnC00 1oyzA00 -151.9000
2iu7E01 1pprO02 -55.1000
1xcbB01 1js4B01 -361.5000
1hkqA00 1h14A00 -213.0000
1b8iA00 1n22A01 -86.2000
1n8lA00 1g6iA00 -381.8000
1iipA02 1nxcA00 -320.5000
1bc5A01 1hzfA00 -185.1000
1qc7B00 1tnyH00 -210.7000
1iioA00 1dceB00 -204.3000
1qrvB00 1gxnA00 -205.1000
1iqvA00 1cb8A01 -51.0000
1ny9A00 1x1hA01 -220.7000
1biqA00 1rwaA01 -40.0000
1dy7B01 1ug9A02 -238.1000
1t3wB00 1fp3B00 -217.1000
1v2aB02 1tjcB00 -17.8000
1bdjB00 1pc2A00 -29.7000
1ug7A00 1hxiA00 -37.4000
2gmfA00 1elwA00 -36.4000
1otkA00 1n4kA02 -58.8000
1r0dA00 1h0aA00 -22.8000
2ck3H02 1rz4A01 -76.3000
1ez3C00 1k8kG00 -14.2000
1ki1B01 1n52A03 -0.6000
1dvkA00 1n52A03 -54.1000
1ovnA02 1r76A00 -235.7000
1rmvA00 1h35A02 -74.5000
1otkA00 1o6rB01 -38.3000
1sxjD03 1qsjA00 -126.6000
1hbuD03 1qazA00 -34.9000
1m8zA00 1o6rB01 -36.2000
1h0aA00 1qsjA00 -71.7000
1gvmF00 1k8fB00 -62.2000
1e5gA02 1dx8A00 -34.6000
1a5kB00 1bwnA00 -62.7000
1ub4C00 1ihjB00 -25.5000
1i4vA00 1rz2A00 -60.9000
1k9cA00 1szrB01 -55.4000
1ed7A00 2j7lA02 -50.4000
1kcaD00 1wioB03 -27.0000
1a5kB00 1vscA01 -36.2000
1e9zA01 2j1kV00 -29.2000
1k9cA00 1nlqA00 -25.8000
1gvmF00 1nukA00 -22.3000
1a5kB00 2fo1A02 -63.6000
1ouwA00 1x5qA01 -41.0000
1i5pA03 1o91C00 -23.5000
1ouwA00 1k12A00 -53.3000
1ouwA00 1l2gC00 -81.4000
1g8jB00 1b34A00 -45.2000
1pp9R02 1hh2P02 -24.8000
1xc6A02 1kl9A01 -97.9000
1g8jB00 1kv3C03 -40.9000
1sjgA00 1ej8A00 -49.4000
1jm1A00 1ifrA00 -78.9000
1sjgA00 1g9dA04 -76.7000
1qjsA01 1uffA00 -53.9000
1itvA00 1bqsA01 -72.1000
2cltA02 1j18A02 -49.7000
2cltA02 1ilr100 -26.3000
1gyeB00 1sshA00 -217.6000
1wl7A00 1prtH02 -153.1000
2exkA01 1vldR03 -195.2000
1gyeB00 1tzaA00 -125.4000
1ms0B01 1jtdB00 -36.0000
1npeA00 1mt6A01 -73.9000
1v04A00 1njiU00 -170.7000
1iucA00 1w3rA00 -69.0000
1pooA00 1vyfA00 -159.4000
1cq1A00 1qftA00 -162.2000
1ms0B01 2f17A01 -193.3000
1nsdB00 3phmA02 -148.6000
1pooA00 1ms0A02 -74.1000
1v04A00 1uu4A00 -32.9000
1q7fB00 1y4kA01 -92.9000
2ivzD02 1sddA02 -93.6000
1npeA00 1bvoA00 -73.0000
1iucA00 1hwhB01 -129.9000
1cq1A00 1ns4B00 -31.6000
1xksA00 1ezgB00 -266.7000
2mtaH00 1sshA00 -266.5000
1nr0A02 1o70A02 -92.3000
1xipA00 1uhcA00 -239.0000
1pi6A01 2dynB00 -105.5000
1sqjA01 1un7B01 -196.9000
1jjuB00 1nsoA00 -171.8000
1tbgB00 1d7qA00 -145.6000
1mdaH00 1k3rA02 -278.5000
1pi6A01 1xmqQ00 -119.7000
1sqjA01 3ullB00 -138.0000
2mtaH00 1r4xA01 -151.5000
1jjuB00 2gvyA02 -175.8000
1k8kC00 1n26A02 -234.6000
1jmzB00 1f6aB02 -174.1000
1tbgB00 1cs6A03 -190.6000
1nr0A01 1ogmX01 -58.0000
1xksA00 1vpnD00 -46.0000
1mdaH00 1yjkA01 -149.7000
1pguB02 1yc6C00 -86.6000
1olzA01 1oq1C00 -136.7000
1pi6A01 2dcyD00 -54.4000
1p22A02 1xp4C02 -154.0000
1h2xA02 1asqB03 -68.5000
1u8cA01 1imhC01 -224.7000
1sqjB02 1iarB02 -259.4000
1jtdB00 1xq4C00 -140.9000
1ty3A00 1hn0A03 -102.9000
1mdaH00 1msaA00 -214.1000
1e2rB02 1o1vA00 -228.5000
2ad6A00 2j12A00 -284.1000
1orvC01 1sluA00 -266.8000
1om6A01 1ujvA00 -96.3000
1om6A01 1ayoA00 -67.5000
1dabA00 1mvhA00 -214.0000
1krrC00 1ixdA00 -107.1000
1hg8A00 1rz1A00 -144.1000
1rwrA00 1uj0A00 -219.6000
1ea0A04 1auuB00 -186.3000
1xhdA00 1jb9A01 -38.8000
1jrgA00 1p6vA00 -150.8000
2bspA00 1jzuA00 -161.8000
1ee6A00 1e5pB00 -9.0000
1hf2A02 1smpI00 -22.9000
1qrgA00 1cs6A02 -111.4000
1xhdA00 1fc1A01 -41.7000
1krrC00 1cb8A03 -53.3000
1z2fA00 1rj7B00 -37.5000
1jrgA00 1xpwA00 -150.5000
1qcxA00 1h30A01 -106.2000
1nhcE00 1bev100 -26.2000
2bspA00 1u12B00 -214.1000
1h80B00 1eaoB00 -222.2000
1rwrA00 1kbvC01 -103.9000
1dbgA00 1fnhA03 -342.3000
1dabA00 1do5A00 -298.5000
1ofeB04 1na8A00 -100.4000
1k8fB00 1kiuM02 -51.2000
1k5cA00 1n7uA02 -48.5000
1hg8A00 1qxmA02 -146.4000
1h7yA00 1uf1A00 -34.8000
1fu1B01 1xniC02 -56.1000
1lp3A00 1b34A00 -402.7000
1xm0A00 1kxoA00 11.4000
1r6zA03 1lf7A00 -41.7000
1lp3A00 1hn2A00 -263.3000
2fu5A00 1hlcA00 -28.7000
1l1dB00 1r1zA00 -53.0000
1gppA00 1ahsB00 -45.6000
1dq3A01 1cwvA02 -83.7000
1qqhA00 1sddA01 -34.6000
1r6zA03 1jyvD02 3.2000
1pegB00 1iarB01 -126.8000
1n3jB00 1l5gA02 -23.5000
1lp3A00 1hwhB01 -362.7000
1xqhE02 1a2vE03 -240.2000
1pinA01 1i1jA00 -56.3000
1o6wA01 1vheA02 -64.4000
1pinA01 1lwhA03 -43.9000
1o6wA01 1p53A03 -63.8000
1rz1A00 1vhkC01 -57.4000
1ejeA00 1xkiA00 -48.6000
1ytfD02 1s44B00 -102.8000
1nyoA00 1k0hA00 -38.6000
1y7eA02 1d7qA00 9.4000
1w1hB00 1k3rA02 -78.6000
1nu2A00 1xmqQ00 -35.0000
1zm0A00 3ullB00 -38.5000
1ki1D02 1b8aB01 -37.8000
1pfjA00 1fr3D00 -26.4000
1i8fC00 1cr5B01 -20.4000
1d3bF00 1o67A00 -108.6000
2c06B00 1e0tB03 -2.6000
1h3zA00 1hkwB01 -76.3000
1ib8A02 1k8oA00 -30.8000
1oqkA00 1cr5B01 -12.5000
1iz6C01 1cr5B01 -18.5000
1sshA00 1prtH02 -47.0000
1gcpB00 1ue1B00 -38.9000
1kjwA01 1eiyB02 -26.0000
1j3tA00 1fl0A00 -93.5000
1ug1A00 1jjgA00 -32.4000
1u8rB03 1nsoA00 -17.0000
1p1mA01 1khiA02 -15.9000
2h3lB00 1pybD00 -11.6000
1ihjB00 1ktkD02 -43.1000
2pdzA00 1qdnA01 -31.7000
1ky9B03 1a3wB03 -20.4000
1m5zA00 1i18A00 -18.9000
1uepA00 1h42A01 -8.3000
1uf1A00 1ng5B00 -66.4000
1l5bA00 1avgI00 -26.1000
1uscB00 1vscA02 -60.8000
1wllA00 1nwbA00 -29.5000
1w3rA00 3pcfN00 -28.7000
1nrgA00 1nziA01 -51.4000
1t9mB00 1jhnA01 -16.3000
1y12B00 1uaiA00 -37.8000
1j2bB04 1rc6A00 -124.6000
1wk2A00 1f00I01 -26.4000
1ytfD02 1v10A02 -112.1000
1ytfC00 1ueyA00 -77.4000
1o70A02 1qg3A02 -46.0000
1nyoA00 1m6uA00 -78.7000
1auuB00 1d2pA02 -47.3000
1yduA01 2fo1A03 -20.9000
1unpA00 1xiwA00 -45.4000
1ntyA02 1p6fA02 -28.7000
1eazA00 1y2tB00 -43.8000
1qc6A00 1lajC00 -50.8000
1aqcA00 1cx1A00 -25.1000
1faoA00 1g86A00 -32.8000
2dynB00 1rb8G00 -80.5000
1gc7A03 1y9qA02 -20.4000
1gg3A01 1xbrB00 -70.5000
1zm0A00 1f56C00 -17.9000
1uefB00 1uemA00 -37.4000
1qqgB01 1qr4B02 -39.3000
1ki1D02 1lxmA04 -43.3000
1foeE02 1dceA02 -43.1000
1v89A00 1je6A02 -13.9000
1pfjA00 1j86B01 -32.7000
1oy2A00 1p7qD02 -76.5000
1c0mC02 1nltA03 -26.7000
1i8fC00 1f15C00 -86.1000
1kq1Y00 1k42A00 -89.5000
1d3bI00 1h30A02 -85.5000
1d3bF00 1qjzC00 -97.3000
1n9sL00 1o5uA00 -31.3000
1b34A00 1h6fB00 -90.1000
1vubA00 1ws8B00 -23.5000
1ub4A00 1k85A00 -37.8000
1xniC01 1fg9D02 -32.9000
1igqC00 1j8sA00 -103.8000
1n27A00 1uwyA02 -5.5000
1m9sA05 1dr9A01 -29.2000
1m9sA04 1t89C01 -39.3000
1tovA00 1im9D02 12.1000
1njiU00 1c3gA01 -21.3000
1v76B00 2bdrA00 -58.3000
1yfnD00 1sddB03 -22.7000
1pm3B00 1c1fA00 -61.2000
1xniC02 1gff200 -97.6000
1khiA01 1rl3B01 -63.1000
1xtdA01 1shsE00 -44.6000
1m1gD03 1b3iA00 -25.3000
1sshA00 1n6vA01 -21.0000
1jo8A00 1fyhE01 -31.7000
1uj0A00 1o75A03 -35.8000
1gcpB00 1klfH01 -74.2000
1negA00 1rzjC02 -21.2000
1i07A00 1evtD01 -48.5000
1kjwA01 1wwcA00 -15.0000
1muzA00 1earA01 -43.1000
1uhfA00 1xoyA00 -72.2000
1j3tA00 1r64A02 -42.8000
1uhcA00 1is6A00 -33.0000
1ue9A00 1novC00 -233.6000
1ug1A00 1o5lA00 -38.4000
1uffA00 1gmeB00 -0.6000
1dj7B00 1w8eA01 -77.0000
1kc8R00 1v5jA00 -8.8000
1g31A00 1f1gC00 -37.7000
1gkpB01 1gyuA00 -23.7000
1ra5A01 1kydA01 -31.4000
1gkrB01 1namB00 -37.5000
1yrrA01 1hkfA00 -43.0000
1o12A01 1pamA04 -25.9000
1obxA00 1rwaA03 -10.6000
1n7fB00 1o91C00 -34.9000
1q3pA00 1k12A00 -57.2000
1kefA00 1urxA00 -127.0000
1b8qA00 1f2nA00 -55.3000
1k32D04 1vr3A00 -29.9000
2pdzA00 1g43A00 -64.1000
1lcyA03 1kgyF00 -43.4000
1tq3A00 1fnhA02 0.5000
1ky9B03 1iiiB00 -28.7000
1vb7A00 1m9sA02 -36.4000
1x5rA01 1gxeA00 -29.4000
1m5zA00 1h3gA01 -22.8000
1uezA00 1a7bB00 -17.8000
1ujuA00 1qhoA04 -24.8000
1uepA00 1lb4A00 -38.0000
1ufxA00 1jtzY00 -59.2000
1um1A00 1uy0A00 -46.5000
1uf1A00 1dypA00 -108.6000
1uewA00 1cjdA02 -40.5000
1v62A00 1pm7B00 -75.6000
1v6bA00 1nbcA00 -20.2000
1n02A00 1oczB02 -37.8000
1unpA00 1q25A03 -45.2000
1pfjA00 1gp0A00 -38.0000
1m9sA04 4ovwA00 -262.2000
1bu1A00 1h54B01 -180.1000
4ubpC01 1lvnA03 -116.8000
1x5qA01 1so0D00 -189.0000
1tvfA02 1q1uA00 -61.8000
1k5gB00 1dfcB02 -7.1000
1njiU00 1g82C00 -43.9000
1ri9A00 1vclB02 -50.0000
1nf3C00 1iszA01 -22.7000
1kt5A00 1iwnA00 7.2000
1kmhB01 1vr3A00 -91.4000
1k0hA00 1g43A00 -24.6000
1xo7A00 1kgyF00 -6.9000
1w74B00 1fnhA02 -43.7000
1smpI00 1iiiB00 -15.9000
1lf7A00 1m9sA02 -50.2000
1peeA00 1gxeA00 -43.8000
1qftA00 1h3gA01 -69.7000
1ew3A00 1a7bB00 -35.0000
1gkaB00 1qhoA04 -43.1000
1hn2A00 1lb4A00 -36.2000
1exsA00 1jtzY00 -33.7000
1eiiA00 1uy0A00 -10.4000
1qwdA00 1dypA00 -43.7000
1o8vA00 1cjdA02 -6.9000
1epbA00 1pm7B00 -31.4000
1oejA00 1nbcA00 -24.8000
1xkiA00 1oczB02 -19.8000
2f73C00 1fnhA01 -35.9000
1avgI00 1rxlA00 -39.3000
1swbC00 1nm4A00 -1.9000
1ei5A03 1jbjA01 -38.0000
1njiL00 1cvrA03 -27.8000
1d6kA00 1i3rH02 -25.3000
2cx8A01 1ub6L01 -45.7000
1h9dB00 1gh5A00 -19.7000
1rz2A00 1xb9B00 -88.3000
1p6vA00 1jyvD01 -68.4000
1f60A03 1gnzA00 -92.7000
1gvhA02 2rs3200 -117.8000
1kk0A02 1nobA00 -29.9000
1dg1H03 1ncjA02 22.6000
1krhB02 1kiuM01 -21.6000
1dg1H02 1uc6A00 -53.1000
1g7sA02 1v27A00 -23.5000
1jb9A01 1h3gB03 -57.5000
2ahoA03 1bihB01 -32.8000
2bm0A02 1olzB03 1.2000
1qfjD01 1p6fA01 -31.1000
1wb3D03 1w0vA02 -41.4000
1n0vC03 1hdfA00 -1.7000
1ohhB01 1nlqA00 -24.5000
1i18A00 1nukA00 -58.2000
1kzlA02 1gzcA00 -96.6000
1n08B00 1bev300 -44.2000
1t6zB02 1qiuA02 -75.2000
1vheA02 1edhA01 -20.6000
1c5eC00 1urzA04 -24.4000
1oh1A00 1p9mC02 -35.1000
1f3wD03 1k5wA00 -34.0000
1a3wB03 1nofA01 -13.5000
1o67A00 1bihA03 -68.3000
1yelA00 1zagB02 -27.5000
1uz5A04 1pqzA02 -14.9000
2fu3B04 1so9A00 -36.0000
1twiA01 1dzlA00 -200.9000
1hkwB01 2f17A01 -39.5000
2napA04 3phmA02 -3.4000
1wlfA01 1ms0A02 -135.6000
1cz4A01 1uu4A00 -115.4000
1n10A01 1y4kA01 -67.5000
1h9jA01 1sddA02 -22.3000
1ewhA02 1bvoA00 -81.1000
1onlA00 1hwhB01 -44.8000
1k8oA00 1r4xA01 -47.8000
1et9A02 2gvyA02 -42.1000
1bcpF00 1n26A02 -29.5000
1bcpJ00 1f6aB02 -26.1000
1uapA00 1cs6A03 -30.2000
1b8aB01 1ogmX01 -76.0000
1eqrC01 1vpnD00 -139.8000
1pxfA00 1yjkA01 -16.9000
1gd7C00 1yc6C00 -12.0000
1pybD00 1oq1C00 -72.5000
1ue1B00 2dcyD00 -31.2000
1smxB00 1xp4C02 -11.5000
1h95A00 1asqB03 -105.7000
3ullB00 1imhC01 -49.3000
1fguA01 1iarB02 -17.0000
1a8vB02 1xq4C00 -39.3000
1p8lA02 1t0oA02 -12.9000
1khiA02 1ktkF01 -29.4000
1eiyB02 1wlhA01 1.9000
1kl9A01 1pkqJ00 -16.6000
1uebB02 1u00A01 -61.1000
1fguA02 1cd3F00 -226.8000
1iz6C02 1nt0G03 -41.1000
1uebB03 1stmA00 -78.6000
1k83H00 1yrzB02 -22.5000
1qvcC00 1qhdA01 -45.7000
1fl0A00 1nzoA02 -30.2000
1hh2P02 1aspB02 -106.4000
1xmoL00 1owrQ01 -27.9000
1bbuA01 1vldR03 -40.9000
1dgsB04 1tzaA00 -58.9000
1qzgA00 1uh4A03 -68.4000
1hr0W00 1ow0A02 -43.8000
1x9nA04 1wlhA02 -42.6000
1jt8A00 1fltX00 -10.6000
1pfsB00 1m1gD02 -23.8000
1d7qA00 1bshA01 -55.1000
1nnxA00 1sppA00 -27.8000
1bbxD00 1a34A00 -82.7000
1pfbA00 1bev100 -184.3000
1g6zA00 1ep0A00 -87.6000
1qb5D00 1aspB02 -94.9000
1eqvA00 1owrQ01 -23.9000
5fivA00 1vldR03 -31.4000
1nsoA00 1tzaA00 -17.3000
1eiiA00 1jz8A05 -84.1000
1p6vA00 1gp0A00 -33.4000
1i18A00 4ovwA00 -249.6000
2napA04 1jz8A05 -106.8000
1gd7C00 1hn0A03 -145.8000
1uebB03 1jovA00 -203.0000
1bbxD00 1x1hA02 -185.3000
1exsA00 1dfcB04 -51.7000
1dg1H03 1r8nA00 -72.3000
1oruB00 1wd4A02 -53.4000
1eqrC01 1q1uA00 -34.5000
1qvcC00 1dfcB02 -20.1000
1qwdA00 1xd5B00 -7.1000
1iwlA00 1cq3B00 -68.0000
1iwlA00 1dfcB02 -26.1000
1o7fA03 1lvnA03 -222.8000
1ddlA00 1rwaA02 -33.9000
1w0oA03 1hn0A03 -18.7000
1yc6C00 1hm2A02 -82.5000
1ji6A02 1so0D00 -106.2000
1xu1B00 1q25A03 -42.9000
1blbD02 1ksjB00 -50.7000
1c3gA01 1xs1A00 -67.0000
2fgwH02 1so0D00 -164.1000
1urlA00 1o2fA00 -37.1000
1u2cA01 1sm8C00 -11.0000
1imhC02 1euwA00 -41.8000
1ehxA00 1udxA01 -28.8000
1hl8A02 1lvnA03 -281.9000
1lxmA04 1z3vA00 -302.5000
1iiiB00 1so0D00 -174.3000
1p9mC01 1eguA01 -137.3000
1owrQ01 1m3yB01 -20.5000
1qleB01 1xs1A00 -8.1000
1g1kB00 1w2zA03 -218.7000
1qm6A02 1x1hA02 -99.5000
1rc6A00 2f2fC00 -35.3000
1f8vC00 1vclB01 -97.8000
1kjrA00 1dfcB01 -14.8000
1guiA00 1jlxA01 -23.3000
1pk6A00 1upsA02 -42.9000
1k3qA00 1pwaA00 -37.8000
1ub6L01 2fo1A02 -37.1000
1pqzA02 1avwB00 -66.9000
1u2cA01 1fwuA00 -29.8000
1je6A02 1qxmA01 -38.7000
1pdkB00 1g9dA04 -30.2000
1lmiA00 2f2fC00 -41.0000
1ulvA03 1vclB01 -36.8000
1gh7A01 1dfcB01 -50.7000
1m1sA00 1jlxA01 -44.9000
1utdM00 1upsA02 -41.6000
1cwvA03 1pwaA00 -13.1000
1gyuA00 1msaA00 -28.6000
1m3yB02 1rzoD02 -89.5000
1sh8B00 1r8eA01 17.9000
2go0A00 1oapA00 -55.0000
1dv8A00 1d6tA00 -72.0000
1x2tA00 1ca7C00 -48.2000
1v7pB00 1gjvA01 -48.6000
1wmzD00 1o0pA00 -36.1000
1g1qB01 1ghhA00 -50.2000
1oz7A00 2fqtA00 -57.0000
1jznD00 1xrsB01 -87.6000
1byfB00 1ojgA00 -45.2000
1uexA00 1mwzA00 -53.0000
1ja3B00 1fa0B01 -27.4000
1kg0C00 1b76B01 -144.2000
1rjhA00 1jg5E00 -55.7000
2c2vH00 1mp9A02 -32.4000
2gmiB00 1knyA01 -16.6000
1i7kA00 1ydlA00 -61.0000
1kpsC00 1k47D02 -57.4000
1ukxA00 1jo0B00 -33.0000
1lj0B00 1kq6A00 -4.6000
1ldcA01 1arzD02 -40.8000
1iq6A00 1nrvB00 -51.0000
1q4tA00 1nm2A01 -52.9000
1s5uD00 1in0A02 -18.7000
1psuA00 1w5eH02 -41.7000
1z6bD00 1oqvA00 -2.8000
1pn2C01 1bzlA03 -20.8000
1s9cK02 1t17A00 -14.9000
1c8uA01 1cvjE01 -57.8000
1s9cG01 1hr6D02 -41.5000
1rnfA00 1mo1C00 -34.1000
1h0dC00 1kkhA01 -47.7000
1m07A00 1kptB00 -43.7000
1mmiB02 1p52A02 -74.0000
1vpkA01 1xmbA02 -19.3000
1vpkA02 1g5hD01 -99.4000
1lgtA02 1tuaA01 -69.5000
2a4wA00 1egaA02 -6.9000
1fa8A00 1td5D00 -18.3000
1xrkA00 1t11A01 -8.9000
1k4nA00 1f3vA00 -19.2000
1r9cB00 1iktA00 -4.3000
1cjxB01 1ttwA00 -33.2000
1t47B01 1kfiB04 -21.3000
1sqiA02 1y13C00 -5.4000
1mpyA01 2nckL00 -18.6000
1cjxA02 1tr0O00 -63.7000
1mvkB00 1hnzC02 -53.0000
1ibxB00 1hufA00 -16.2000
1fnuD02 1gqiA01 -2.8000
1hxyD02 1oo4A00 5.5000
1m4vB01 1w25A03 -29.3000
1et9A01 1cs3A00 0.7000
1c4pB00 1comF00 -21.0000
1mjdA00 1iwaH00 -26.7000
1oeyL00 1xhcA03 -56.1000
1q1oA00 2exlA00 -66.6000
1t0sC00 1qm9A02 -5.3000
1t3qD01 1mu7B01 -112.7000
1krhB01 1xzpA01 -45.4000
1oqrB00 1rhyA01 -7.3000
1b9rA00 1ew0A00 -32.9000
1i7hC00 1gxuA00 -48.8000
1kf6N01 1b3tB00 -48.2000
1jalB02 1adjD01 -145.6000
2aczB01 1mszA00 -48.6000
1e10A00 1pa4A00 -45.1000
1tygB00 1iouA00 -69.0000
1sf0A00 1q8kA03 -26.8000
2glsE02 1naqD00 -14.9000
2asqA00 1nh9A00 13.5000
1lxdB00 1hh2P01 -15.4000
2fnjB00 1nvmD02 -39.3000
1oeyA00 1zagB01 -63.7000
1v49A00 1telA01 -16.3000
1he8A01 2cyyA02 -46.3000
1i42A00 1g2rA00 -17.6000
1v5tA00 1yz9B02 -26.1000
1h8cA00 1fhuA02 -37.9000
1v86A00 2pldA00 -15.8000
1uh6A00 1zzfB00 -20.6000
1v5oA00 1d1rA00 -13.7000
1n3fH00 1j7hB00 -31.5000
1dq3A04 1nz0D00 33.2000
1m5xB00 1jrpC05 -55.5000
1vdeB02 1h7uA01 -72.9000
1dq3A03 1x5uA01 -27.0000
1b24A02 1v0sA02 -175.6000
1h3eA03 1usoB00 -14.1000
2gkjA02 1xmsA02 -88.5000
1u1wA01 1p0zJ00 -5.6000
1gqzA01 1urrA00 -8.4000
1qyaB01 1hwiC03 -45.6000
2sebB01 2akwB05 -68.3000
1wlfA02 1h6hA00 -52.9000
1cr5B02 1gr0A02 -42.0000
1cz4A02 1oplA02 -37.7000
1mr1D00 1dwnB00 -54.7000
1h5pA00 1rqqC00 -1.2000
1ptoC01 1wtbA00 -48.1000
1vqnX00 1gccA00 -28.6000
1cewI00 1jd1B00 -18.9000
1n5hA00 1h7uB02 -12.3000
1mwsA01 1fiqB03 -18.5000
2uugD00 1z5cB01 -101.3000
1goyA00 1no8A00 -41.3000
1lvnA02 1byrA00 -26.1000
1w2zA02 1l0wB03 -25.1000
1a2vE02 1ubeA02 -37.3000
1k41B00 1mzuA00 3.6000
1tp6A00 1opzA00 -40.6000
1jkgA00 1qaxB01 -44.0000
1gybB00 1nj8C01 -71.7000
1m98A02 1v8cD02 -32.8000
1q40B00 1ib8A01 -78.0000
1jkgB00 1gw5M01 -40.4000
1of5A00 1vqyF00 -50.3000
1lg7A00 1wtbA00 -54.9000
1vkbA00 1gccA00 -59.5000
2dt1A02 1qd9C00 -60.3000
1w9uB02 1mg7B02 -86.0000
1jndA02 1ca7C00 -8.6000
1j6yA00 1l0oA00 -17.4000
1kt0A01 1o6xA00 3.3000
1y0oE00 1g5hD01 -138.4000
1jvwA00 1tuaA02 -45.8000
1jntA00 1hh2P04 -23.0000
1x9yD01 1iouA00 -15.4000
1e87A00 1j57A00 -24.2000
2afpA00 1nslC00 -54.8000
1cxyA00 1j7nA04 -117.4000
1pn2C02 1rz9E00 -25.1000
1mmiB02 1q2yA00 -2.3000
1k4nA00 1r54A00 -4.3000
1k7yA02 1r0vB02 -141.3000
1c4pB00 2a4nB00 -13.6000
1oqrB00 1jhwA01 -37.1000
1tygB00 1hynQ00 -182.9000
1kotA00 1q2dA00 -19.9000
1se9A00 1cnuA00 -18.5000
1p32C00 1v2bA00 -14.5000
1k8iA01 1i12A00 -72.5000
1rn7A00 1tlbW00 -165.5000
1w2zA02 1iykB02 -123.5000
1q40B00 1oz9A00 -32.3000
1jndA02 1l5iA00 2.1000
1g1qB01 1dl5B02 -41.4000
1dv8A00 1pmaK00 -108.3000
1jwiB00 2fakZ00 -100.2000
1kpsC00 1ychD01 -71.3000
1psuA00 2cbnA00 -144.4000
2i5sX00 1k07A00 -129.8000
1xrkA00 1xm8B00 -101.1000
1tsjA00 1ko3A00 -76.0000
1bmlC01 1i7qA00 -347.4000
1b9rA00 1f89B00 -150.0000
1htqH02 1hzgA00 -135.8000
1l7yA00 1vybA00 -129.9000
1p8kZ02 1b65A00 -178.0000
1u1wA01 2cv9A00 -50.3000
1ufnA00 1g5bA00 -100.2000
1goyA00 1it6A00 -137.4000
1tuhA00 1ofeB01 -232.5000
1nh6A03 1iruY00 -101.0000
1x9yD01 1g65O00 -42.1000
1oeyL00 1g62A00 -106.7000
1x9yD01 1bwdA00 -121.6000
1wmzD00 1n60B01 -35.3000
1h8uA00 1kv3B02 -126.0000
1cwvA05 1sglA00 -71.3000
1i7kA00 1sawA00 -40.2000
1ldcA01 1ni7A00 -53.2000
1njkA00 1kafA00 -29.7000
1c8uA02 1u4hA00 -20.6000
1h0dC00 1m35A02 -97.5000
1vpkA02 1mhdA00 -23.8000
2c21B00 1sglA00 -91.7000
1cjxB01 1iryA00 -37.1000
1cjxA02 1vjfA00 8.9000
1hxyD02 1hyhB02 -18.2000
1bmlC01 1lm5A00 -50.0000
1sb3F01 1aqiB02 -76.2000
1b9rA00 1v3yA00 -51.0000
1jrpC01 1d4dA03 -70.7000
1htqH02 1xsaA00 -32.0000
2fnjB00 1jcuA00 -79.2000
1i42A00 1i10C02 -72.5000
1uh6A00 1dgjA03 -4.3000
1dq3A04 1ldnB02 -14.4000
1b24A02 1jrpB01 -58.6000
1u0kB01 1s6yA02 -95.4000
1wlfA02 1iu4A00 -222.1000
1h5pA00 1q48A00 -13.2000
1cewI00 1j21A02 -90.8000
1goyA00 1ptoG00 -85.9000
1nu3B00 1lmeB00 0.1000
1tuhA00 1qo8A01 -24.9000
1of5A00 1kt9A00 -33.3000
1nh6A03 1r58A01 -158.6000
1kt0A02 1qgwA00 -40.0000
1x9yD01 1jy5B00 -53.2000
1qvgN00 1itzC03 -0.3000
1d8iC00 1r44A00 -57.4000
2rusA02 1eo1A00 -128.8000
1yrrA02 1iv0A00 -135.4000
7reqA01 1t6dB01 -323.4000
1e0tB02 1glaG01 -9.5000
1u83A00 1xnrK00 -61.8000
1jvnB02 1h4xA00 -143.8000
1tb3H00 1hf2C01 -196.3000
1gzjB00 1qmiA02 -176.6000
1izkA02 1wsjE00 -171.2000
1jyhA00 1r1mA00 -32.0000
1d5yD03 1pieA01 5.9000
1ps3A01 2f8aB00 -125.6000
1njjD02 1du4A00 -33.7000
1ko0A02 1amoB01 -20.3000
1twiA02 2bp7D02 -81.1000
1qwkA00 1r26A00 -150.0000
1vp5B00 1odlF00 -15.9000
1pyfA00 1rflA00 -74.6000
1pz1B00 1h4vB02 -170.3000
1qrqA00 1r5tB00 -127.3000
1mzrA00 1p1cB00 -43.0000
1og6A00 1puiA00 -45.9000
1q2sB00 1id1B00 -154.7000
1ir2D02 3pmgB02 -155.6000
2rusA02 1fbtB00 -66.5000
1gehC02 1z06A00 -76.3000
1telA02 1g0oD00 4.3000
1wufB02 1ekjE00 -29.8000
2dw7N02 1uanB00 -44.8000
1f9cA02 1zesA00 -78.9000
1jdfB02 1qorA02 -64.3000
2fymA02 1xfkA00 -23.1000
1fhuA01 1dd8C01 -52.7000
1jpdX02 1e4eB03 -48.7000
1chrB02 1hybA00 -30.1000
2d2gA00 2bewA00 -35.0000
1k1dH02 1bq7C00 -73.0000
1nfgB02 1thtA00 11.0000
1ra5A02 1ydgH00 -75.1000
1j79A00 1ik6A02 -173.1000
1a5kC02 1m2aB00 -238.8000
1ndvA00 1g2oB00 -38.1000
1p1mA02 1vyvB02 -84.3000
1bf6B00 1httA02 -151.7000
1o12A02 1oi0C00 -151.7000
1itqB00 1g60A00 -75.0000
1yrrA02 1ji0A00 -6.4000
1j6oA00 1hyhC01 -55.9000
1pb0C00 1c47A01 2.9000
1gkrB02 2hiaA00 -75.0000
1v77A00 1zbdA00 -22.9000
5xinA00 1wntD00 -91.5000
1qtwA00 1t75D00 -44.5000
1i60A00 1v8dA00 -31.5000
1k77A00 1zh4A00 -79.5000
1a0dC00 1szjG01 -179.9000
1tz9B00 1c3sA00 -25.1000
1djwB03 1tqyH01 -31.1000
1o1zA00 1b6sA01 -133.9000
1q7qB02 1korC01 -39.4000
1eyeA00 1umcC00 -20.5000
1ad1B00 1nm3B01 -61.3000
1f6yA00 1m33A00 -9.9000
1jpkA00 2bzsA00 -75.6000
1j93A00 1tkcA03 -131.8000
1k87A03 1oazA00 -170.3000
1i9cB01 1sd1A00 -74.1000
4reqB01 1texA00 -105.9000
7reqA01 1atiB02 -349.4000
1brlA00 1af2A01 -116.3000
1rhcA00 1xdzA00 -34.9000
1f07A00 1q3hB00 -31.1000
1nqkA00 1xcbB02 -135.0000
1lq2A01 1kfiB01 -80.4000
1y65A00 1cviD00 -36.2000
1q85B01 1kdpA00 -11.5000
1umyC00 1h5qA00 -79.8000
1w1a100 1g5cE00 -49.4000
1twdB00 1vkrA00 -79.3000
1vizB00 1dz3A00 -42.6000
1hgwB00 1kolA02 -129.8000
1dysB00 1t64A00 -44.2000
1vkfA00 1u0mA02 -8.3000
1vpqA00 1ea7A00 -64.5000
1xrsA00 2i1lB01 -270.6000
1s2vA00 1w88C00 7.4000
1o68B00 1nm3B02 -124.8000
1oy0C00 1jt2A00 -14.1000
1dxfA00 2f1oD00 -11.4000
1f3wD02 1qgdB03 -74.7000
1izcA00 1quwA00 -161.6000
2dikA04 1v4nA00 -23.7000
1f8mD00 1q44A00 -48.4000
1vgaA00 1qe0A02 -117.0000
1jcjA00 1vk9A00 -73.6000
1gvfA00 1nt2A02 -66.7000
1jqvA01 1wf3A01 -34.3000
2b4gC01 2hmsB00 -60.9000
1t0oA01 1j9lA00 -25.0000
1ktcA01 1vl1A00 -56.6000
1cx9A00 1uj2B00 14.9000
1f6pA00 1xseA00 17.6000
1gpwC00 1oozA01 31.6000
1ujpA00 1vl6D01 -66.1000
1wdwG00 1p2fA01 -81.4000
1nvmC01 1u7tB00 -16.9000
1g69B00 1ooyA02 1.9000
1i8jB00 1lqjC00 -80.6000
1h50A00 1yu6A00 -16.5000
2g5wB00 1mjhB00 -178.3000
1bwkA00 1ni4C00 -14.5000
1u83A00 1fovA00 -114.1000
1btmA00 1fj2A00 0.0000
1aw1A00 1rliC00 -58.8000
1b9bB00 1r9jB03 -61.0000
1lp6A00 1zzoA00 -58.4000
2czeB00 1q1gC00 -32.7000
1gthB05 1qhyA00 -71.8000
1o5kB00 1nf8A00 -25.4000
1xkyD00 1uslB00 -80.2000
1o60C00 1dl5B01 -20.9000
1fcqA00 1egaB01 -89.5000
1vc4B00 1lj8A01 -32.9000
1ojxG00 1l5xA00 23.9000
1ub3C00 1frzA00 -42.9000
1o0yA00 1skqA01 -11.3000
1mzhB00 1iukA00 -31.7000
1wv2B00 1k6dA00 -0.9000
1e51B00 1t1jA00 -116.9000
1h7oA00 1ny5A01 -124.6000
1of6E00 1yjqA01 -106.3000
1p0kB00 1xr4A02 15.7000
1huvA00 1udiE00 -55.2000
1jvnB02 2hd4A00 -26.6000
1i2rB00 1gpmA02 -60.6000
1euaB00 2c42A06 -113.9000
1tqjA00 1nhyA01 -102.6000
2fliD00 1tqhA00 13.4000
1h1zA00 2fz5A00 -36.5000
1qo2B00 1itzC03 -72.1000
1sflA00 1senA00 -79.5000
1vliA01 1cddA00 -48.7000
1ep1A00 1skyB02 -19.7000
1n7kA00 1j2rD00 -0.1000
1f76B00 1o1xA00 -135.7000
1tv5A00 1xj5C02 -104.3000
1xi3A00 2gf0B00 25.0000
1dosB00 1vjpA01 2.6000
1eepA00 2cyjA00 -137.5000
1tqxA00 1m0sA01 -36.9000
1to3A00 2b7cA01 -32.8000
1vhcC00 1hygA01 -37.2000
1xdmB00 1xr4B01 -34.3000
1vlwC00 1wviC02 -81.6000
1j5tA00 2ftkG00 -50.1000
1tb3H00 1sbyB00 -24.8000
1szeB01 1poiB00 -62.0000
1v5xA00 1l9gA00 4.3000
1dbtB00 1wmdA01 -25.7000
1jjkN00 1jmvC00 -61.5000
1hg3D00 2bp7C00 -115.0000
1ps9A01 1n8jB00 -104.7000
1qpqE02 1lgyA00 -75.3000
1o4uA02 1vmeB02 5.0000
1r30B00 1ni4D02 -131.2000
1kfwA01 1pqnA00 -170.9000
1w3hA00 1rbyA00 -60.3000
1us2A02 1knxD02 -102.8000
1b3vA00 1yacA00 -39.0000
1g0cA00 1nn4B00 -131.6000
1qnpA00 1eizA00 -119.8000
1r86A00 1g3rA00 -64.9000
1ur1A00 1o5iC00 -27.3000
1gw1A00 1ihnB00 -235.2000
2bvtA01 1lk5C01 -141.6000
1ffrA02 1r5oA01 -41.7000
1tr1C00 1ojuA01 -213.7000
1gzjB00 1poiC01 -2.4000
1avaA01 1wkcA00 -121.9000
2guyA01 1oxkD00 -186.2000
1xyzA00 1npyD02 -82.9000
1vbrA00 1bouD00 -28.6000
1g94A01 1oe4A00 -77.2000
1jndA01 1ke1A00 -59.1000
1e9lA01 2a1uB00 -32.4000
1guvA01 1qrhA00 10.5000
1ghsA00 1e2yE00 -90.2000
1kwkA01 1ufoB00 -65.4000
1tg7A01 1bvyF00 -126.9000
1w9uB01 2c3yA02 -128.2000
2nsxB01 1su9B00 -178.9000
1tvnA00 2cfiA01 -57.9000
3manA00 1j99A00 8.0000
1wkyA01 1ilwA00 -56.4000
1wcgB00 1ejjA01 -111.0000
1qhpA01 1vl5C00 -42.4000
1uksA01 1hyqA00 -109.4000
1hp5A01 1yl7D01 -108.7000
1eqcA00 1l1sA00 -235.3000
1izkA02 1uj4A01 -247.0000
1nofA02 1lb1H00 -76.6000
2bs9H02 1vl6D02 -51.9000
1j10B01 1oxwB00 23.2000
1vjzA00 1souA00 -62.7000
2ccrA00 1r8jA01 -189.0000
1hl9B01 1xltE02 -132.4000
1dwfM00 1f9tA00 -119.5000
1om0A00 1mugA00 -32.5000
1h3gA02 1gtl200 -18.5000
1eokA00 1mc1A02 -15.1000
1lwhA01 1d02A00 -52.9000
1c7sA03 2bjxA00 -318.9000
1jfxA00 1wpxA01 -41.3000
1ehaA01 2gswC00 -142.7000
1uwuB00 1l8aA03 -209.1000
1x1nA01 1gh2A00 -341.2000
1cwyA00 2fmtB01 -208.6000
3pbgB00 1q20A00 -57.4000
1obaA01 1nbaC00 -55.1000
2pflB00 1rlkA00 -536.0000
1c8zA00 1j3gA00 -59.7000
2fymA02 1dxlB02 -121.9000
5xinA00 1fl2A02 -219.3000
1f07A00 1ps9A03 -102.4000
2dikA04 1xhcA01 -88.8000
1u83A00 1ng3A01 6.5000
1dqxC00 1onfA01 -38.6000
1epxD00 1q5xC00 -139.8000
1ur1A00 3ezbA01 -186.1000
1tvnA00 1kp8I03 -92.3000
1c7sA03 1ebdB02 -298.2000
1ir2D02 1io0A00 -99.8000
1vizB00 1jl5A00 -51.2000
1euaB00 1dceC03 -36.4000
2nsxB01 1kooB00 -151.9000
1twiA02 1iniA00 -3.4000
2dw7N02 1q8fB00 -23.1000
1bf6B00 3uagA03 -103.5000
1djwB03 1ro8B00 -48.1000
1f07A00 1vpaB00 -49.3000
1m3uE00 1g97A01 11.0000
1cx9A00 1tyfG00 -16.7000
1xbyB00 1d5rA01 -31.3000
1h7oA00 1cj0B01 -115.2000
1n7kA00 1wvcA00 18.9000
1v5xA00 1k4vB00 -49.4000
1ur1A00 1j6uA03 -147.7000
1ghsA00 1rpmB00 -40.3000
1nofA02 1u14A00 -69.0000
1bhgB03 1iniA00 -54.6000
1qndA00 1veaB00 -13.3000
1jo0B00 1xizB00 -23.9000
1gtdB00 1xd3C00 -112.9000
1jd1B00 1tlbW00 -149.4000
2cw0B01 1iidA02 -122.8000
1j6xA00 1pwqA01 -24.7000
1r44A00 1l5iA00 -54.2000
1u2vF00 2evnA00 -50.1000
1wibA00 1ge5A00 -72.1000
1mgtA01 1knxC01 -5.0000
1oqvA00 1qsmD00 -31.0000
1d6tA00 1c7kA00 -42.3000
1ubeA02 1ksxF00 -75.8000
1nyeA00 1i12A00 -11.4000
1e42A02 1wnaA00 -5.3000
1dapB02 1j3gA00 -51.2000
1qmiA02 1e4eB03 -24.4000
1brsF00 1hybA00 -19.7000
2dw6D01 1qpvA00 -22.2000
1vsmA00 1vh0C00 -15.1000
1wsjE00 1sa0C01 -104.4000
1k6yA02 1l2tA00 -67.1000
1j53A00 1j5pA01 7.0000
1njyA01 1c47A01 2.8000
2ktqA01 1fvoB01 -24.4000
1ytaB00 5ukdA00 -22.3000
1hjrA00 1pl6D02 -11.3000
1vk0E00 1v8aA00 -40.2000
1fxxA01 1ovmC02 -28.8000
1tkzA05 1zbdA00 -37.6000
1krpA01 1ojuA01 -21.0000
1kcfA00 1e19B00 -15.6000
1uocA00 1vyhM00 -20.7000
1q82O00 1dg1H01 -17.3000
1ilyA00 1qkiC01 -97.5000
1p90A00 1v8gA02 -107.1000
1o13A00 1wkcA00 -59.0000
1rduA00 1w25A02 -29.4000
1eo1A00 1b8uA01 -8.9000
1ovqA00 1rlzA00 -137.4000
1iv0A00 1f2vA00 -84.1000
1t6dB02 1jlkB00 -10.3000
1woqA02 1szjG01 -13.8000
1t6dB01 1bouD00 -133.1000
1jcgA01 1c8bA00 -63.5000
1glaG01 1yfzA00 -45.5000
1glaG02 1gufA02 -22.1000
1dt9A02 1hdhB01 -253.6000
1xquB00 1hqz400 -38.9000
1ew0A00 1v5zA00 -46.2000
1tf1A00 1p4nA01 7.3000
1no5B00 1m4jA00 -15.1000
3fruE01 2h5mA00 -76.9000
1yvhA03 1tviA00 -51.1000
1xn5A00 1gpqA00 -7.6000
1c4tC00 2bjxA00 -58.2000
2exlA00 1nslC00 -14.5000
1p52A02 1j7nA04 -7.7000
1mwzA00 1cnuA00 -54.7000
1vqyF00 1xkrA00 -75.6000
2b8pA00 1vggB00 -13.4000
1ybaB03 1vggB00 -56.6000
1yi2S00 1wnaA00 -18.2000
1whvA00 1veaB00 -53.2000
1b3tB00 1tlbW00 -141.1000
1f3vA00 1tlbW00 -102.2000
1k47D02 1tlbW00 -146.3000
1lxjA00 1tlbW00 -190.8000
1gccA00 1t5tA03 -160.8000
1vc1B00 1qxhB00 -26.3000
1th8B00 1wm1A00 -151.2000
1hf2C01 1czoA00 -65.1000
1kyoL02 1jhwA01 -72.4000
1dujA00 1hynQ00 -58.8000
1qe0B01 1q2dA00 -31.9000
1xviA02 1cviD00 -178.2000
1wsjE00 1vqwA02 -33.3000
1iv0A00 3ladB02 5.4000
1yhqD00 1jw3A00 16.7000
1sizC00 1dl5B02 -70.9000
1nh9A00 1iru100 -109.4000
1dwkJ02 1p9eA00 -198.8000
1ipaA01 1ww1B00 -92.3000
1xv2A02 2aioA00 -99.6000
1f7uA03 1kr3A00 -55.0000
2ffmA00 1m2xB00 -90.9000
1u2vD02 1qdlA00 -193.3000
1wibA00 1emsB01 -152.1000
1okgA03 1fo6D00 -218.5000
1d6tA00 1i9zA00 -179.8000
1xp8A02 2f2fE00 -168.8000
1hh2P04 1ntfA00 -179.0000
1r4xA02 1b65A00 -210.4000
1arzD02 1t71A00 -132.2000
1kkrA01 1su1D00 4.1000
1kpeA00 1uf3B00 -76.8000
1ew0A00 1nnwB00 -79.2000
1f5mA00 1it6A00 -88.7000
1ou5B01 1ofeB01 -210.3000
1f1wA00 1ct9C01 -65.4000
2eu0A00 1rypY00 -57.7000
1h7uA01 1j2qK00 -29.2000
1avzA00 1g65200 -38.3000
1pbuA00 1g0uU00 -44.7000
1wj9A02 1z7qF00 -92.7000
1sizC00 1j2pG00 -141.4000
1jjhC00 1iru100 -97.1000
1rkjA02 1p9eA00 -162.4000
1xmbA02 1ww1B00 -97.8000
1vmbA00 2aioA00 -123.8000
1in0B01 1kr3A00 -133.8000
2cyyA02 1m2xB00 -81.6000
1vcbK00 1qdlA00 -262.8000
1hr7E02 1emsB01 -22.1000
1whzA00 1fo6D00 -195.8000
1b70A00 1i9zA00 -49.2000
1rs4A00 6jdwA00 -160.5000
1gpmA03 1yniD00 -267.4000
1h2oA00 1g61A00 -55.9000
1kn6A00 2ewoF00 -236.9000
1t6dB02 1ogqA00 -68.1000
1h0yA00 1o8rA00 -17.9000
1je3A01 1o0xA00 -145.0000
1hnzC02 1fteC00 -21.8000
1t4aB00 1iooA00 -117.3000
1vq5F00 1f3yA00 -31.3000
1jd1B00 2nvqE02 -34.4000
1xv2A02 1hyeA02 -13.2000
1uv7B00 1brwA01 -2.7000
1f7uA03 1mdtA01 -44.4000
1tuaA01 1kv3B02 -195.2000
2ffmA00 1vqvA02 -48.6000
1yhqD00 2g73A00 -46.1000
1u2vD02 1k4iA00 -70.4000
1owtA00 1ceqA02 -52.3000
2j0qF00 1o4uB01 -8.8000
1t4oB00 1y4jA00 -169.0000
1okgA03 1lm7B00 -156.7000
1iahB01 1giqA02 -66.9000
1d6tA00 1ugqA00 -61.3000
1kvkA01 1gecE00 -48.1000
1xp8A02 1bolA00 -146.5000
1kkgA00 1fiqC01 -6.1000
1hh2P04 1ojzA00 -94.1000
1mp9B01 2ahjC00 -71.2000
1kfiB04 1iooA00 -42.0000
1tveB02 1sawA00 -26.3000
1gr0A02 1ni7A00 -32.3000
1dwnB00 1lm7B00 -61.3000
2dw6D01 1qxyA00 -50.2000
1xdiB03 1qgwA00 -21.4000
1j53A00 1p3dA03 4.8000
1o13A00 1vr0B00 -71.4000
1kpeA00 1y4jA00 -140.7000
1mwwB00 1sgxB02 -159.7000
1ew0A00 1mwpA00 -40.3000
1ll8A00 1fcdA03 -31.5000
1f5mA00 1gttA02 -34.8000
2j3wA00 1ordA04 3.2000
1kutB02 1u8xX02 -68.5000
1uqsA01 1mzgB00 -54.4000
1ka7A00 1iuhA00 -40.6000
1oo4A00 1q60A00 -5.2000
1ju5A00 1r58A01 -145.9000
1xn5A00 1d4dA03 -39.4000
1h7uA01 1ryaB00 -50.7000
1jm6B01 1nr9A00 -0.6000
1avzA00 1qo8A01 -37.5000
1s6oA00 1punA00 -51.9000
1u2cA02 1ceqA02 -22.9000
2hzvF02 1dgjA03 -28.0000
1ydlA00 1xgsA01 -121.4000
1k44F00 1cliA02 -20.0000
2c3yA05 1mp2A00 -67.1000
1ybaB03 1eikA00 -21.6000
1zzfB00 1q81J00 -64.7000
1cvjE02 1giqA02 -69.2000
1fjeB01 1i4jA00 -9.3000
1o0pA00 1fcdA03 -28.2000
1cg2C02 1tkuB00 -62.5000
1ftrD02 1hyeA02 -33.7000
1regX00 1u4hA00 -39.6000
1naqD00 2hmkA01 -156.4000
1pieA02 1v9hA00 -25.8000
1q53A00 1qcnB02 -132.3000
1lxnC00 1b8uA02 -73.2000
1eodA00 1epwA01 -249.8000
1hf2C01 1cj0B01 -64.6000
2a06B02 1v9hA00 -37.9000
2j02S00 1g0sA00 -83.0000
1qk9A00 1k9mG02 -27.0000
1g5hD01 2j5qC02 -79.9000
1hc7C01 1q60A00 -125.4000
1yb3A00 2ahjC00 -8.8000
1poiC01 1dxlB02 -82.4000
1v1bA00 1fl2A02 -104.2000
1vh0C00 1ps9A03 -33.9000
1oi0C00 1xhcA01 -79.0000
1uarA01 1ng3A01 -54.5000
1v9wA00 1onfA01 -55.5000
1qxhB00 1q5xC00 -5.0000
1bg3A04 3ezbA01 -94.5000
1udiE00 1kp8I03 -35.5000
1imoA00 1ebdB02 -31.4000
1nriA00 1dxlB02 -56.1000
1ebbA00 1fl2A02 -31.0000
1ofuB01 1ps9A03 -46.9000
2admB01 1xhcA01 -21.3000
1pk9B00 1ng3A01 -6.4000
1hdeA00 1onfA01 -98.0000
1fj2A00 1q5xC00 -38.6000
1sbzB00 3ezbA01 -9.8000
1zn7B00 1kp8I03 19.1000
1k66A00 1ebdB02 -21.9000
1k98A01 1dxlB02 12.7000
1lb1H00 1fl2A02 -21.4000
1b0uA00 1ps9A03 -43.2000
2g2jA00 1xhcA01 -30.2000
1texA00 1ng3A01 11.4000
1zakA00 1onfA01 16.4000
1n3yA00 1q5xC00 -34.9000
1k97A01 3ezbA01 4.5000
1lquA01 1kp8I03 2.2000
1sbyB00 1ebdB02 -78.2000
1jw9B00 1dxlB02 -74.0000
1vl8A00 1fl2A02 -75.6000
1id1B00 1ps9A03 9.9000
1xmpA00 1xhcA01 31.7000
1u9cA00 1ng3A01 -0.8000
1gqoJ00 1onfA01 -36.6000
1qgdB02 1q5xC00 -21.9000
2c42A06 3ezbA01 -198.1000
1w0dB00 1kp8I03 -95.8000
1yrsA00 1ebdB02 -121.6000
1p4nA01 1vzyA01 -14.9000
2fufA00 1j2qK00 -55.2000
1cnuA00 1g65200 -44.7000
1pwqA01 1g0uU00 19.4000
1mk4B00 1z7qF00 -51.7000
2h5mA00 1j2pG00 -93.9000
1a3aA00 6jdwA00 -163.8000
2nvqE01 1fs2C00 -74.1000
1f9mB00 1w8aA00 -93.2000
1u0mA01 1ds9A00 -35.4000
1zpdB02 1p8tA00 -93.3000
1vlmA00 1otoA00 -26.2000
1lgyA00 1pgvA00 -72.8000
1m5uA00 1fs2C00 -97.9000
1kk0A01 1w8aA00 -39.5000
1uf9A00 1ds9A00 14.6000
1korC01 1p8tA00 -57.2000
1jw9B00 1otoA00 -12.4000
1uh5A00 1pgvA00 -82.7000
1l8aA03 1fs2C00 -34.3000
1t5gC00 1w8aA00 -87.2000
1brwA02 1iinB00 2.0000
1cjyA02 1u14A00 -263.1000
1ewqA01 1k4iA00 -68.3000
1vk4A00 1fpzB00 -52.2000
1ihnB00 1k7kA00 -69.4000
1r9wA00 1fcdA03 -49.6000
1a3xA01 1jv3A01 -177.6000
1gpqA00 1fiqC01 -27.5000
1vggB00 1vkiB00 28.6000
1cnuA00 1qxyA00 -70.7000
1njrA00 1o23B00 -32.8000
1rw1A00 1on9A02 -116.0000
1syrJ00 1p15B00 -90.8000
1axdB01 1zwyA00 -57.2000
1iloA00 1vgwA00 -89.0000
1bswA00 1qrkA02 -61.7000
1oz9A00 1jqpA02 -72.1000
1wveB03 1lttA00 -10.7000
1k1eA00 1xriB00 -21.0000
1kzyC01 1y7oB00 -59.6000
1t1jA00 1rxdB00 -35.1000
1z8hC00 1wpnA00 -31.6000
1ebbA00 1v7rA00 -16.9000
2be9A01 1jylD00 -69.6000
1jg3A00 1uyrB03 -42.3000
1im8A00 1ohcA01 -38.9000
1r6aA00 1m21B00 -137.6000
2fmtB01 1s4nA00 -81.2000
1xklD00 1vicA00 -3.5000
1fj2A00 1j7xA02 12.8000
1qo9A00 1fprA00 -157.3000
1ehiA01 1vp2B00 11.2000
1l1rA00 1fggA00 -61.4000
1m5uA00 1w36B05 -106.9000
1p6qA00 1o5zA02 -17.5000
1t3hC00 1wpnA00 2.1000
1lb1H00 1v7rA00 -26.5000
1vecA00 1jylD00 -44.9000
1wf3A01 1uyrB03 -86.6000
1udxA02 1ohcA01 -27.8000
1xzpA03 1m21B00 -237.8000
1jwyB00 1s4nA00 -65.2000
1t5bA00 1vicA00 -7.3000
1n3yA00 1j7xA02 -3.6000
1kaqD00 1fprA00 -60.1000
2a1uB00 1vp2B00 -30.0000
1pzgC01 1fggA00 -89.4000
1kolA02 1w36B05 -73.2000
1ooeB00 1o5zA02 -75.5000
1gpjA02 1wpnA00 -21.0000
1vl8A00 1v7rA00 -41.8000
1mfzA01 1jylD00 -19.7000
1lssA00 1uyrB03 -140.6000
1umkA02 1ohcA01 -63.9000
1ilwA00 1zwyA00 -20.2000
1oi4A00 1vgwA00 0.8000
1qgdB03 1ezrA00 -123.4000
1itzC02 1p3dA03 -32.5000
1upaA01 1vr0B00 -23.0000
1dmuA00 1vpaB00 -20.5000
1i12A00 1u4hA00 1.4000
1vhsB00 1m35A02 -68.3000
2evnA00 1mhdA00 -27.0000
1w0dB00 1w36B05 -49.9000
1c3sA00 1excA00 -107.8000
1y88A01 1cj0B01 -54.8000
2f7wA00 1lyvA00 -94.5000
3ezbA01 1m21B00 -295.8000
1gthB04 1vpaB00 -9.0000
3ladB02 1g97A01 -79.1000
1dl5B02 1i7qA00 -321.2000
1ya7I00 2ewoF00 -80.9000
1i9zA00 1lmeB00 -115.1000
1i7qA00 1qo8A01 -319.6000
1vmeB01 1qgwA00 -148.3000
1p9eA00 1jy5B00 -81.6000
1iru200 1q27A00 -39.1000
2gplI00 1eikA00 -85.3000
1q15C01 1y6jA02 -41.9000
1nnwB00 1j21A02 13.5000
2cv9A00 1ptoG00 -21.5000
1vkpB00 1e6vC00 -60.7000
1ookG00 1o5zA02 -87.9000
