1j2xA00 1wq2B00 33.9000
2f5dA01 1p4xA01 58.6000
1rz4A02 1iuyA00 22.0000
1kyzA01 1fshA00 32.4000
1fzpB00 1zq3P00 28.0000
1aplD00 1ignB01 25.1000
1gqmD00 1q80A00 65.5000
2ev0A02 1f5tC02 56.7000
1bbhB00 2fapB00 24.8000
1sfcJ00 1jy2R00 26.0000
1klxA00 1bpoC02 31.2000
1ojvA03 1c1zA01 85.2000
2dynB00 1kz7A02 40.8000
1xniC02 1j3tA00 36.5000
1kwaA00 1v62A00 127.3000
1fr3D00 1p8lA02 45.3000
1v1qA00 1quqA00 32.5000
1qvcC00 1pfsB00 21.9000
1mec100 1bev100 137.2000
1bkzA00 1a78B00 155.8000
1ub6L02 1fyhE01 33.8000
1eibA01 1fieA04 29.5000
1zglV01 1bqhK00 81.7000
1xauA00 1fltX00 45.2000
1wwwY00 1pl3B00 51.1000
1im9D01 1bp3B02 30.5000
1pqzA02 1cwvA01 25.1000
1qz1A01 1j48B00 29.9000
1bqsA02 1j48B00 41.2000
1cs6A02 1pdkA01 24.3000
1wlhA03 1j8kA00 39.1000
1u2cA01 1cwvA03 32.4000
1olzB03 1tzaA00 26.8000
1ao7D00 1f1gC00 26.3000
1mq8A01 1j8kA00 23.6000
1dr9A01 1j48B00 28.5000
1n26A02 1xvsB00 28.0000
1hxmG01 2cumA00 25.2000
1kydA01 1z9sA01 36.7000
1m9sA02 1p9mC01 31.8000
1tzaA00 1iarB01 26.6000
1bquB01 1dqiB00 47.6000
1lqsR02 1l0qD02 27.3000
1imhC01 3tf4A02 40.5000
1dv8A00 1jwiB00 181.9000
1sxtA02 1v49A00 51.8000
1b9rA00 1he8A01 42.4000
1w2zC01 1w2zA02 41.1000
1hkwB02 1g69B00 53.8000
1lqaB00 1mzhB00 49.7000
1it8B01 1w3hA00 60.0000
1wufB02 1gkpA02 48.9000
1jpmB02 1o0yA00 56.4000
1k1dH02 1kcxA02 575.6000
1a5kC02 1kxtA01 60.4000
1itqB00 1qpqE02 48.3000
1d8wD00 1itxA01 68.0000
1t8qA00 1vjzA00 60.2000
1f6yA00 1o5kB00 56.1000
7reqA01 1nqkA00 77.5000
1fvpA00 1jfxA00 37.8000
1vpqA00 1vgaA00 53.0000
1f3wD02 1r86A00 73.7000
1cx9A00 1xyzA00 56.1000
1btmA00 1avaA01 57.0000
1o0yA00 1gw1A00 50.8000
1h1zA00 1tr1C00 49.7000
1epxD00 1hjvC01 49.3000
1w3hA00 1wkyA01 72.7000
1guvA01 1uwuB00 68.0000
1tuaA01 1k1gA00 44.8000
1ewrA01 1ovqA00 39.8000
1gxuA00 1tuwA00 42.5000
1mwzA00 1sb6A00 74.8000
1j27A00 1gmuD01 28.0000
1azsA00 1h2uY00 37.9000
1gehC01 1ekrA00 38.4000
1u8sB01 1o6xA00 35.0000
1hl6C00 1s79A00 52.4000
1vgyB02 1q53A00 33.7000
1v6hB00 1tr0O00 66.9000
1rw1A00 1fo5A00 30.8000
1axdB01 1y25A00 33.3000
1u8uA00 1r9gA00 47.0000
2fr8A01 1e1cB02 41.7000
1ji3B00 1hlgB00 61.4000
1w25B01 1qp8A01 37.5000
1jllD02 1r9gA00 45.3000
1t3hC00 1z06A00 35.8000
1z06A00 1uf9A00 44.8000
1u94A01 1texA00 45.2000
1g7tA01 2gf0B00 61.4000
1q3hB00 1e0jA00 70.6000
1nktA03 1p75A00 62.3000
1x77A00 1gpwD00 77.0000
1c1xA02 1hygA01 41.6000
1jaxB00 1iyzA02 65.9000
1sbyB00 1y9eF02 43.1000
1ooeB00 1h2bB02 41.8000
1ja9A00 1xq6B00 46.8000
1ez4C01 1u1iC01 47.0000
2fwnA01 1itzC01 49.4000
1lqtB02 1ksuB03 45.9000
1t70F00 1t71A00 366.3000
1j2xA00 1i5nD00 39.7000
1fbsA00 1j30A00 35.8000
1in6A02 1rqvB01 25.8000
1t6sB01 1otvB00 34.6000
1yo5C00 1eq1A00 43.9000
1stzB01 1sq3K00 33.7000
1sfxB00 1i6zA00 55.7000
1zn2A02 1eqfA02 33.6000
1cf7B00 1dovA00 30.8000
1kyzA01 1jgcA00 32.6000
1hstA00 1ugoA00 25.3000
1j5yA01 1eo0A00 33.5000
1cf7A00 1l7cB02 33.3000
1pp8V00 1uvhD00 37.5000
1u6gA07 1uurA01 36.7000
1o7fA02 1dvkA00 39.8000
1e17A00 1jraC00 42.0000
1fshA00 1ps3A02 27.4000
1wjfA00 1se7A00 31.7000
1m1eB01 1rtwA00 31.3000
1t6sB02 1sr2A00 27.4000
1aplD00 1eumC00 45.9000
1z0xA01 1y9bA00 27.0000
1tc3C00 1e6iA00 32.1000
1fexA00 1l7cA01 31.9000
1iufA02 1nf6I00 37.8000
1ce8G04 1y9bA00 43.1000
1dljA03 1e6iA00 41.2000
1gteC02 1l7cA01 35.8000
1tbaA00 1v2aB02 30.0000
1nbmD03 1n1fA00 47.2000
1n8lA00 1r2jA03 29.3000
1eoqA00 1lvfB00 28.1000
2hzvG01 1gnwB02 23.1000
1w53A00 1n1fA00 33.3000
1t9sB00 1uk1A01 38.4000
1m80B01 1hbkA00 28.7000
2a6hE00 2pmtC02 46.5000
1n60D02 1vtmP00 28.9000
1q3vB02 1r2jA03 31.8000
1kl9A02 1lvfB00 33.9000
1bvsE02 1f2eD02 30.0000
1kftA00 1nogA00 27.1000
1pk1D00 1u8vC03 33.2000
1sv0C00 1ybzA00 29.7000
1x9xB00 1gnwB02 36.9000
1d8bA00 1ykbC00 47.2000
1o0wB01 1x8zA00 43.7000
1q08A00 1sghA02 40.9000
1umqA00 3ljrB02 28.1000
1u2vE00 1v66A00 26.4000
1tl6A00 1rx0C03 38.3000
1n1jA00 1hciA01 39.5000
1tafB00 2f8fB02 35.3000
1h3oC00 1t6uF00 27.3000
1j0tA00 1ukwB03 36.8000
1l9lA00 1e2aA00 28.0000
1m31B00 1f2eD02 35.4000
1xk4A00 1nogA00 37.6000
1nshB00 1u8vC03 42.2000
1uhiB00 1ybzA00 52.9000
1iq3A00 1gnwB02 32.8000
1h8bA00 1ykbC00 34.4000
1ow4A00 1x8zA00 32.0000
1ljpB00 1gg3B03 32.4000
1mfqC00 1r5aA02 35.1000
2or1L00 1n1fA00 30.9000
1s7eA01 1gs0A01 30.8000
1nh2B00 1nvlA00 27.2000
1cxzB00 1mqvA00 39.9000
1f4nB00 2f8fB02 45.6000
1ivsB05 1cgmE00 40.2000
1skvB00 1u89A00 34.9000
1i11A00 1irmB00 30.5000
1n81A00 3ng1A01 50.1000
1vqrD00 1l7cB02 36.5000
1xn8A00 1otkA00 37.9000
1vi0A02 1se7A00 45.2000
1m9dC00 1om2A00 42.6000
1sh5B02 1oqcD00 50.8000
1h67A00 1i4tA00 32.8000
1iqvA00 1bgeB00 27.9000
1d3uB02 1r0dA00 42.7000
1xo2A02 1sghA02 38.9000
7hbiA00 3ljrB02 38.1000
1cg8A00 1eteD00 35.6000
3vhbA00 1sj8A01 44.0000
1uvxA00 1hbuD03 43.3000
1ithA00 1g7oA02 44.0000
1allA00 1fyhA01 43.3000
3ygsP00 1ik0A00 48.5000
1ichA00 2ck3H02 23.1000
1xa6A03 1rcwA00 51.9000
1hg4F00 1y6dA00 45.2000
1gwxA00 1krqA00 64.6000
3csmA00 1j5eT00 34.4000
1n20A02 1eqfA01 47.8000
1up8D00 1hy5A00 34.3000
1mhzD00 2f2gA00 81.8000
1eupA00 1pv3A02 45.3000
1uedA00 1p22A01 42.6000
1b4uC00 1hciA04 37.4000
1h9eA00 2pmtC02 33.6000
1iq0A03 1rmvA00 31.5000
1oaeB00 1is2A03 30.1000
1e29A00 1qsdB00 49.0000
1m70C01 1axdB02 28.1000
1kv9A02 1rtyC00 38.1000
1rz5A02 1gjvA02 41.0000
1h1oB01 1ecmA00 22.4000
1mn3A00 1jzrD02 24.5000
1q02A00 1bgeB00 42.5000
1wivA00 1r0dA00 26.5000
1no1A00 1i6zA00 36.6000
1iieC00 1eqfA01 32.4000
1eyvB00 1f1mC00 35.4000
1s29A00 1wm5A00 32.6000
1fseC00 1u6gC00 41.6000
1lvaA01 1w9cB00 29.5000
1g4dA00 1m8zA00 31.7000
1h88C01 1bk6A00 39.9000
1irzA00 1dvpA01 41.8000
1m1pE00 1n52A03 30.4000
1w53A00 1dceC01 43.7000
1jrpC02 1elwA00 32.2000
1b4fC00 1qbkB00 42.5000
1q08A00 1gw5A00 37.9000
1aoiG00 1o6pA00 38.2000
1xk4K00 1e8yA03 50.7000
1snlA00 1wjtA00 38.0000
1rioA00 1paqA00 36.3000
1sesB01 1hu3A00 40.7000
1x9nA01 1h2uB01 62.7000
1n34G00 1oczR00 46.7000
1cg5B00 1rz4A01 30.1000
1wmgC00 1w9cB00 52.7000
1lv2A00 1m8zA00 60.9000
1h5zA00 1bk6A00 87.7000
1i8pB00 1szaA00 30.9000
1iqcC02 1h0aA00 33.6000
1gvnC00 1oyzA00 47.5000
2iu7E01 1pprO02 27.9000
1xcbB01 1js4B01 31.1000
1hkqA00 1h14A00 38.8000
1b8iA00 1n22A01 47.6000
1n8lA00 1g6iA00 36.8000
1iipA02 1nxcA00 39.7000
1bc5A01 1hzfA00 39.5000
1qc7B00 1tnyH00 33.0000
1iioA00 1dceB00 30.2000
1qrvB00 1gxnA00 41.3000
1iqvA00 1cb8A01 61.1000
1ny9A00 1x1hA01 48.6000
1biqA00 1rwaA01 54.9000
1dy7B01 1ug9A02 54.6000
1t3wB00 1fp3B00 41.5000
1v2aB02 1tjcB00 42.1000
1bdjB00 1pc2A00 39.4000
1ug7A00 1hxiA00 31.8000
2gmfA00 1elwA00 34.7000
1otkA00 1n4kA02 39.4000
1r0dA00 1h0aA00 35.4000
2ck3H02 1rz4A01 24.7000
1ez3C00 1k8kG00 34.5000
1ki1B01 1n52A03 81.9000
1dvkA00 1n52A03 65.1000
1ovnA02 1r76A00 37.7000
1rmvA00 1h35A02 42.5000
1otkA00 1o6rB01 64.3000
1sxjD03 1qsjA00 52.3000
1hbuD03 1qazA00 62.7000
1m8zA00 1o6rB01 63.0000
1h0aA00 1qsjA00 48.6000
1gvmF00 1k8fB00 30.9000
1e5gA02 1dx8A00 27.9000
1a5kB00 1bwnA00 31.9000
1ub4C00 1ihjB00 32.8000
1i4vA00 1rz2A00 36.6000
1k9cA00 1szrB01 26.0000
1ed7A00 2j7lA02 30.2000
1kcaD00 1wioB03 28.0000
1a5kB00 1vscA01 32.6000
1e9zA01 2j1kV00 35.2000
1k9cA00 1nlqA00 28.0000
1gvmF00 1nukA00 45.1000
1a5kB00 2fo1A02 28.2000
1ouwA00 1x5qA01 39.0000
1i5pA03 1o91C00 42.4000
1ouwA00 1k12A00 33.6000
1ouwA00 1l2gC00 40.0000
1g8jB00 1b34A00 27.5000
1pp9R02 1hh2P02 35.1000
1xc6A02 1kl9A01 32.3000
1g8jB00 1kv3C03 31.1000
1sjgA00 1ej8A00 30.5000
1jm1A00 1ifrA00 34.2000
1sjgA00 1g9dA04 35.0000
1qjsA01 1uffA00 50.6000
1itvA00 1bqsA01 35.0000
2cltA02 1j18A02 36.8000
2cltA02 1ilr100 45.1000
1gyeB00 1sshA00 37.0000
1wl7A00 1prtH02 37.3000
2exkA01 1vldR03 37.9000
1gyeB00 1tzaA00 46.8000
1ms0B01 1jtdB00 56.9000
1npeA00 1mt6A01 52.1000
1v04A00 1njiU00 44.8000
1iucA00 1w3rA00 53.3000
1pooA00 1vyfA00 52.8000
1cq1A00 1qftA00 47.1000
1ms0B01 2f17A01 59.1000
1nsdB00 3phmA02 40.4000
1pooA00 1ms0A02 57.2000
1v04A00 1uu4A00 76.3000
1q7fB00 1y4kA01 41.9000
2ivzD02 1sddA02 39.2000
1npeA00 1bvoA00 38.8000
1iucA00 1hwhB01 60.1000
1cq1A00 1ns4B00 71.6000
1xksA00 1ezgB00 25.8000
2mtaH00 1sshA00 40.1000
1nr0A02 1o70A02 47.5000
1xipA00 1uhcA00 39.2000
1pi6A01 2dynB00 34.3000
1sqjA01 1un7B01 44.7000
1jjuB00 1nsoA00 50.0000
1tbgB00 1d7qA00 40.4000
1mdaH00 1k3rA02 25.6000
1pi6A01 1xmqQ00 43.6000
1sqjA01 3ullB00 47.7000
2mtaH00 1r4xA01 45.9000
1jjuB00 2gvyA02 53.3000
1k8kC00 1n26A02 42.8000
1jmzB00 1f6aB02 45.5000
1tbgB00 1cs6A03 35.0000
1nr0A01 1ogmX01 80.6000
1xksA00 1vpnD00 59.1000
1mdaH00 1yjkA01 33.9000
1pguB02 1yc6C00 35.4000
1olzA01 1oq1C00 57.5000
1pi6A01 2dcyD00 45.8000
1p22A02 1xp4C02 48.6000
1h2xA02 1asqB03 62.1000
1u8cA01 1imhC01 43.4000
1sqjB02 1iarB02 73.6000
1jtdB00 1xq4C00 25.5000
1ty3A00 1hn0A03 55.9000
1mdaH00 1msaA00 45.3000
1e2rB02 1o1vA00 52.9000
2ad6A00 2j12A00 53.6000
1orvC01 1sluA00 49.3000
1om6A01 1ujvA00 47.3000
1om6A01 1ayoA00 35.1000
1dabA00 1mvhA00 39.1000
1krrC00 1ixdA00 30.8000
1hg8A00 1rz1A00 43.9000
1rwrA00 1uj0A00 33.2000
1ea0A04 1auuB00 45.0000
1xhdA00 1jb9A01 38.3000
1jrgA00 1p6vA00 43.6000
2bspA00 1jzuA00 43.5000
1ee6A00 1e5pB00 51.7000
1hf2A02 1smpI00 34.5000
1qrgA00 1cs6A02 34.1000
1xhdA00 1fc1A01 40.2000
1krrC00 1cb8A03 35.9000
1z2fA00 1rj7B00 33.0000
1jrgA00 1xpwA00 49.4000
1qcxA00 1h30A01 40.8000
1nhcE00 1bev100 52.1000
2bspA00 1u12B00 36.2000
1h80B00 1eaoB00 36.8000
1rwrA00 1kbvC01 51.3000
1dbgA00 1fnhA03 45.0000
1dabA00 1do5A00 61.4000
1ofeB04 1na8A00 32.7000
1k8fB00 1kiuM02 43.0000
1k5cA00 1n7uA02 62.3000
1hg8A00 1qxmA02 44.2000
1h7yA00 1uf1A00 47.1000
1fu1B01 1xniC02 29.1000
1lp3A00 1b34A00 35.4000
1xm0A00 1kxoA00 67.8000
1r6zA03 1lf7A00 57.3000
1lp3A00 1hn2A00 47.6000
2fu5A00 1hlcA00 29.9000
1l1dB00 1r1zA00 44.7000
1gppA00 1ahsB00 59.7000
1dq3A01 1cwvA02 29.9000
1qqhA00 1sddA01 42.8000
1r6zA03 1jyvD02 37.1000
1pegB00 1iarB01 33.1000
1n3jB00 1l5gA02 51.1000
1lp3A00 1hwhB01 41.4000
1xqhE02 1a2vE03 53.1000
1pinA01 1i1jA00 28.7000
1o6wA01 1vheA02 21.2000
1pinA01 1lwhA03 18.1000
1o6wA01 1p53A03 22.5000
1rz1A00 1vhkC01 35.8000
1ejeA00 1xkiA00 35.9000
1ytfD02 1s44B00 35.5000
1nyoA00 1k0hA00 33.1000
1y7eA02 1d7qA00 41.8000
1w1hB00 1k3rA02 34.7000
1nu2A00 1xmqQ00 37.3000
1zm0A00 3ullB00 42.7000
1ki1D02 1b8aB01 39.9000
1pfjA00 1fr3D00 22.6000
1i8fC00 1cr5B01 25.8000
1d3bF00 1o67A00 41.0000
2c06B00 1e0tB03 34.7000
1h3zA00 1hkwB01 26.8000
1ib8A02 1k8oA00 34.8000
1oqkA00 1cr5B01 29.3000
1iz6C01 1cr5B01 32.8000
1sshA00 1prtH02 25.6000
1gcpB00 1ue1B00 31.9000
1kjwA01 1eiyB02 28.1000
1j3tA00 1fl0A00 25.9000
1ug1A00 1jjgA00 28.3000
1u8rB03 1nsoA00 41.2000
1p1mA01 1khiA02 39.0000
2h3lB00 1pybD00 26.9000
1ihjB00 1ktkD02 26.6000
2pdzA00 1qdnA01 22.8000
1ky9B03 1a3wB03 28.2000
1m5zA00 1i18A00 47.3000
1uepA00 1h42A01 50.7000
1uf1A00 1ng5B00 26.3000
1l5bA00 1avgI00 45.1000
1uscB00 1vscA02 37.8000
1wllA00 1nwbA00 28.1000
1w3rA00 3pcfN00 52.6000
1nrgA00 1nziA01 44.3000
1t9mB00 1jhnA01 39.6000
1y12B00 1uaiA00 58.2000
1j2bB04 1rc6A00 53.6000
1wk2A00 1f00I01 24.7000
1ytfD02 1v10A02 43.7000
1ytfC00 1ueyA00 29.2000
1o70A02 1qg3A02 35.9000
1nyoA00 1m6uA00 32.3000
1auuB00 1d2pA02 17.7000
1yduA01 2fo1A03 43.3000
1unpA00 1xiwA00 30.2000
1ntyA02 1p6fA02 30.7000
1eazA00 1y2tB00 34.2000
1qc6A00 1lajC00 41.2000
1aqcA00 1cx1A00 35.1000
1faoA00 1g86A00 42.2000
2dynB00 1rb8G00 28.8000
1gc7A03 1y9qA02 33.2000
1gg3A01 1xbrB00 32.2000
1zm0A00 1f56C00 25.5000
1uefB00 1uemA00 29.1000
1qqgB01 1qr4B02 22.1000
1ki1D02 1lxmA04 37.7000
1foeE02 1dceA02 34.9000
1v89A00 1je6A02 38.4000
1pfjA00 1j86B01 35.3000
1oy2A00 1p7qD02 39.6000
1c0mC02 1nltA03 28.2000
1i8fC00 1f15C00 36.6000
1kq1Y00 1k42A00 34.6000
1d3bI00 1h30A02 34.3000
1d3bF00 1qjzC00 24.5000
1n9sL00 1o5uA00 23.6000
1b34A00 1h6fB00 47.1000
1vubA00 1ws8B00 25.6000
1ub4A00 1k85A00 26.7000
1xniC01 1fg9D02 45.2000
1igqC00 1j8sA00 45.5000
1n27A00 1uwyA02 38.7000
1m9sA05 1dr9A01 32.1000
1m9sA04 1t89C01 30.6000
1tovA00 1im9D02 42.1000
1njiU00 1c3gA01 36.4000
1v76B00 2bdrA00 42.8000
1yfnD00 1sddB03 37.8000
1pm3B00 1c1fA00 25.7000
1xniC02 1gff200 38.6000
1khiA01 1rl3B01 27.3000
1xtdA01 1shsE00 25.2000
1m1gD03 1b3iA00 31.9000
1sshA00 1n6vA01 32.2000
1jo8A00 1fyhE01 23.6000
1uj0A00 1o75A03 40.4000
1gcpB00 1klfH01 31.3000
1negA00 1rzjC02 39.8000
1i07A00 1evtD01 22.7000
1kjwA01 1wwcA00 31.5000
1muzA00 1earA01 38.1000
1uhfA00 1xoyA00 30.9000
1j3tA00 1r64A02 32.9000
1uhcA00 1is6A00 40.7000
1ue9A00 1novC00 33.4000
1ug1A00 1o5lA00 38.7000
1uffA00 1gmeB00 38.7000
1dj7B00 1w8eA01 38.1000
1kc8R00 1v5jA00 32.3000
1g31A00 1f1gC00 34.6000
1gkpB01 1gyuA00 35.0000
1ra5A01 1kydA01 28.3000
1gkrB01 1namB00 30.5000
1yrrA01 1hkfA00 22.8000
1o12A01 1pamA04 23.9000
1obxA00 1rwaA03 35.5000
1n7fB00 1o91C00 34.0000
1q3pA00 1k12A00 32.8000
1kefA00 1urxA00 39.3000
1b8qA00 1f2nA00 30.1000
1k32D04 1vr3A00 51.6000
2pdzA00 1g43A00 35.8000
1lcyA03 1kgyF00 31.0000
1tq3A00 1fnhA02 36.3000
1ky9B03 1iiiB00 26.8000
1vb7A00 1m9sA02 34.6000
1x5rA01 1gxeA00 26.9000
1m5zA00 1h3gA01 29.5000
1uezA00 1a7bB00 31.2000
1ujuA00 1qhoA04 31.9000
1uepA00 1lb4A00 31.3000
1ufxA00 1jtzY00 27.9000
1um1A00 1uy0A00 34.1000
1uf1A00 1dypA00 36.3000
1uewA00 1cjdA02 28.9000
1v62A00 1pm7B00 31.9000
1v6bA00 1nbcA00 38.2000
1n02A00 1oczB02 24.8000
1unpA00 1q25A03 42.0000
1pfjA00 1gp0A00 25.1000
1m9sA04 4ovwA00 46.7000
1bu1A00 1h54B01 43.0000
4ubpC01 1lvnA03 54.6000
1x5qA01 1so0D00 60.6000
1tvfA02 1q1uA00 30.7000
1k5gB00 1dfcB02 51.3000
1njiU00 1g82C00 33.0000
1ri9A00 1vclB02 28.9000
1nf3C00 1iszA01 28.1000
1kt5A00 1iwnA00 60.4000
1kmhB01 1vr3A00 28.9000
1k0hA00 1g43A00 47.5000
1xo7A00 1kgyF00 41.3000
1w74B00 1fnhA02 41.2000
1smpI00 1iiiB00 36.2000
1lf7A00 1m9sA02 30.9000
1peeA00 1gxeA00 41.4000
1qftA00 1h3gA01 36.6000
1ew3A00 1a7bB00 48.2000
1gkaB00 1qhoA04 39.3000
1hn2A00 1lb4A00 47.3000
1exsA00 1jtzY00 37.4000
1eiiA00 1uy0A00 40.9000
1qwdA00 1dypA00 58.5000
1o8vA00 1cjdA02 35.7000
1epbA00 1pm7B00 32.7000
1oejA00 1nbcA00 37.6000
1xkiA00 1oczB02 38.3000
2f73C00 1fnhA01 30.6000
1avgI00 1rxlA00 33.2000
1swbC00 1nm4A00 42.5000
1ei5A03 1jbjA01 25.0000
1njiL00 1cvrA03 30.4000
1d6kA00 1i3rH02 42.7000
2cx8A01 1ub6L01 25.9000
1h9dB00 1gh5A00 45.8000
1rz2A00 1xb9B00 31.9000
1p6vA00 1jyvD01 33.4000
1f60A03 1gnzA00 39.9000
1gvhA02 2rs3200 40.2000
1kk0A02 1nobA00 47.9000
1dg1H03 1ncjA02 55.4000
1krhB02 1kiuM01 34.5000
1dg1H02 1uc6A00 28.4000
1g7sA02 1v27A00 33.2000
1jb9A01 1h3gB03 28.5000
2ahoA03 1bihB01 28.4000
2bm0A02 1olzB03 32.8000
1qfjD01 1p6fA01 26.2000
1wb3D03 1w0vA02 21.2000
1n0vC03 1hdfA00 47.5000
1ohhB01 1nlqA00 30.7000
1i18A00 1nukA00 43.1000
1kzlA02 1gzcA00 38.8000
1n08B00 1bev300 63.5000
1t6zB02 1qiuA02 42.2000
1vheA02 1edhA01 32.1000
1c5eC00 1urzA04 32.0000
1oh1A00 1p9mC02 35.1000
1f3wD03 1k5wA00 48.1000
1a3wB03 1nofA01 42.4000
1o67A00 1bihA03 33.9000
1yelA00 1zagB02 28.4000
1uz5A04 1pqzA02 32.9000
2fu3B04 1so9A00 33.9000
1twiA01 1dzlA00 49.2000
1hkwB01 2f17A01 30.4000
2napA04 3phmA02 31.9000
1wlfA01 1ms0A02 35.3000
1cz4A01 1uu4A00 39.4000
1n10A01 1y4kA01 29.1000
1h9jA01 1sddA02 27.7000
1ewhA02 1bvoA00 42.2000
1onlA00 1hwhB01 41.8000
1k8oA00 1r4xA01 30.1000
1et9A02 2gvyA02 28.3000
1bcpF00 1n26A02 29.9000
1bcpJ00 1f6aB02 27.0000
1uapA00 1cs6A03 29.5000
1b8aB01 1ogmX01 31.7000
1eqrC01 1vpnD00 41.4000
1pxfA00 1yjkA01 35.6000
1gd7C00 1yc6C00 66.1000
1pybD00 1oq1C00 37.3000
1ue1B00 2dcyD00 47.8000
1smxB00 1xp4C02 29.8000
1h95A00 1asqB03 34.4000
3ullB00 1imhC01 35.1000
1fguA01 1iarB02 42.6000
1a8vB02 1xq4C00 29.0000
1p8lA02 1t0oA02 40.3000
1khiA02 1ktkF01 31.8000
1eiyB02 1wlhA01 43.9000
1kl9A01 1pkqJ00 43.0000
1uebB02 1u00A01 37.6000
1fguA02 1cd3F00 48.9000
1iz6C02 1nt0G03 27.9000
1uebB03 1stmA00 36.8000
1k83H00 1yrzB02 36.8000
1qvcC00 1qhdA01 39.6000
1fl0A00 1nzoA02 43.9000
1hh2P02 1aspB02 51.6000
1xmoL00 1owrQ01 34.8000
1bbuA01 1vldR03 30.8000
1dgsB04 1tzaA00 34.9000
1qzgA00 1uh4A03 25.4000
1hr0W00 1ow0A02 30.0000
1x9nA04 1wlhA02 34.8000
1jt8A00 1fltX00 41.0000
1pfsB00 1m1gD02 29.4000
1d7qA00 1bshA01 27.5000
1nnxA00 1sppA00 34.8000
1bbxD00 1a34A00 23.1000
1pfbA00 1bev100 35.8000
1g6zA00 1ep0A00 39.0000
1qb5D00 1aspB02 34.8000
1eqvA00 1owrQ01 46.5000
5fivA00 1vldR03 28.1000
1nsoA00 1tzaA00 38.4000
1eiiA00 1jz8A05 41.4000
1p6vA00 1gp0A00 27.5000
1i18A00 4ovwA00 38.3000
2napA04 1jz8A05 45.3000
1gd7C00 1hn0A03 37.1000
1uebB03 1jovA00 29.3000
1bbxD00 1x1hA02 37.7000
1exsA00 1dfcB04 38.0000
1dg1H03 1r8nA00 31.9000
1oruB00 1wd4A02 45.6000
1eqrC01 1q1uA00 29.6000
1qvcC00 1dfcB02 36.1000
1qwdA00 1xd5B00 62.9000
1iwlA00 1cq3B00 32.9000
1iwlA00 1dfcB02 44.1000
1o7fA03 1lvnA03 60.6000
1ddlA00 1rwaA02 42.2000
1w0oA03 1hn0A03 65.2000
1yc6C00 1hm2A02 35.7000
1ji6A02 1so0D00 60.4000
1xu1B00 1q25A03 35.2000
1blbD02 1ksjB00 28.5000
1c3gA01 1xs1A00 45.4000
2fgwH02 1so0D00 47.5000
1urlA00 1o2fA00 31.1000
1u2cA01 1sm8C00 42.6000
1imhC02 1euwA00 27.7000
1ehxA00 1udxA01 40.1000
1hl8A02 1lvnA03 28.1000
1lxmA04 1z3vA00 39.8000
1iiiB00 1so0D00 37.8000
1p9mC01 1eguA01 32.8000
1owrQ01 1m3yB01 33.2000
1qleB01 1xs1A00 55.6000
1g1kB00 1w2zA03 41.9000
1qm6A02 1x1hA02 56.2000
1rc6A00 2f2fC00 50.9000
1f8vC00 1vclB01 49.9000
1kjrA00 1dfcB01 32.6000
1guiA00 1jlxA01 45.7000
1pk6A00 1upsA02 37.1000
1k3qA00 1pwaA00 29.2000
1ub6L01 2fo1A02 32.7000
1pqzA02 1avwB00 32.0000
1u2cA01 1fwuA00 38.6000
1je6A02 1qxmA01 38.9000
1pdkB00 1g9dA04 30.5000
1lmiA00 2f2fC00 26.8000
1ulvA03 1vclB01 33.1000
1gh7A01 1dfcB01 35.9000
1m1sA00 1jlxA01 26.9000
1utdM00 1upsA02 31.0000
1cwvA03 1pwaA00 29.2000
1gyuA00 1msaA00 29.8000
1m3yB02 1rzoD02 31.8000
1sh8B00 1r8eA01 66.1000
2go0A00 1oapA00 27.8000
1dv8A00 1d6tA00 24.3000
1x2tA00 1ca7C00 28.9000
1v7pB00 1gjvA01 40.4000
1wmzD00 1o0pA00 40.9000
1g1qB01 1ghhA00 29.3000
1oz7A00 2fqtA00 28.8000
1jznD00 1xrsB01 19.7000
1byfB00 1ojgA00 27.4000
1uexA00 1mwzA00 24.9000
1ja3B00 1fa0B01 39.2000
1kg0C00 1b76B01 39.5000
1rjhA00 1jg5E00 32.5000
2c2vH00 1mp9A02 40.2000
2gmiB00 1knyA01 50.1000
1i7kA00 1ydlA00 27.0000
1kpsC00 1k47D02 33.4000
1ukxA00 1jo0B00 29.4000
1lj0B00 1kq6A00 38.2000
1ldcA01 1arzD02 26.1000
1iq6A00 1nrvB00 32.5000
1q4tA00 1nm2A01 38.0000
1s5uD00 1in0A02 31.7000
1psuA00 1w5eH02 39.7000
1z6bD00 1oqvA00 49.0000
1pn2C01 1bzlA03 33.4000
1s9cK02 1t17A00 47.3000
1c8uA01 1cvjE01 38.6000
1s9cG01 1hr6D02 38.2000
1rnfA00 1mo1C00 31.2000
1h0dC00 1kkhA01 35.5000
1m07A00 1kptB00 30.0000
1mmiB02 1p52A02 56.6000
1vpkA01 1xmbA02 38.6000
1vpkA02 1g5hD01 75.0000
1lgtA02 1tuaA01 26.9000
2a4wA00 1egaA02 36.7000
1fa8A00 1td5D00 38.2000
1xrkA00 1t11A01 34.6000
1k4nA00 1f3vA00 46.3000
1r9cB00 1iktA00 45.5000
1cjxB01 1ttwA00 37.5000
1t47B01 1kfiB04 42.7000
1sqiA02 1y13C00 53.7000
1mpyA01 2nckL00 48.2000
1cjxA02 1tr0O00 39.5000
1mvkB00 1hnzC02 24.1000
1ibxB00 1hufA00 45.2000
1fnuD02 1gqiA01 39.5000
1hxyD02 1oo4A00 47.3000
1m4vB01 1w25A03 44.6000
1et9A01 1cs3A00 39.7000
1c4pB00 1comF00 37.6000
1mjdA00 1iwaH00 40.9000
1oeyL00 1xhcA03 33.1000
1q1oA00 2exlA00 57.8000
1t0sC00 1qm9A02 35.6000
1t3qD01 1mu7B01 35.1000
1krhB01 1xzpA01 28.3000
1oqrB00 1rhyA01 52.3000
1b9rA00 1ew0A00 28.5000
1i7hC00 1gxuA00 36.1000
1kf6N01 1b3tB00 29.7000
1jalB02 1adjD01 41.8000
2aczB01 1mszA00 38.4000
1e10A00 1pa4A00 34.1000
1tygB00 1iouA00 32.3000
1sf0A00 1q8kA03 37.4000
2glsE02 1naqD00 38.1000
2asqA00 1nh9A00 30.7000
1lxdB00 1hh2P01 41.9000
2fnjB00 1nvmD02 39.0000
1oeyA00 1zagB01 37.4000
1v49A00 1telA01 31.9000
1he8A01 2cyyA02 37.3000
1i42A00 1g2rA00 26.2000
1v5tA00 1yz9B02 26.4000
1h8cA00 1fhuA02 36.1000
1v86A00 2pldA00 29.2000
1uh6A00 1zzfB00 26.8000
1v5oA00 1d1rA00 38.6000
1n3fH00 1j7hB00 30.6000
1dq3A04 1nz0D00 67.8000
1m5xB00 1jrpC05 29.6000
1vdeB02 1h7uA01 37.4000
1dq3A03 1x5uA01 36.6000
1b24A02 1v0sA02 34.7000
1h3eA03 1usoB00 34.8000
2gkjA02 1xmsA02 27.1000
1u1wA01 1p0zJ00 37.1000
1gqzA01 1urrA00 40.5000
1qyaB01 1hwiC03 28.1000
2sebB01 2akwB05 33.9000
1wlfA02 1h6hA00 42.0000
1cr5B02 1gr0A02 28.4000
1cz4A02 1oplA02 33.1000
1mr1D00 1dwnB00 22.2000
1h5pA00 1rqqC00 39.0000
1ptoC01 1wtbA00 27.7000
1vqnX00 1gccA00 45.7000
1cewI00 1jd1B00 34.2000
1n5hA00 1h7uB02 27.9000
1mwsA01 1fiqB03 38.4000
2uugD00 1z5cB01 38.2000
1goyA00 1no8A00 29.2000
1lvnA02 1byrA00 39.6000
1w2zA02 1l0wB03 37.9000
1a2vE02 1ubeA02 24.3000
1k41B00 1mzuA00 43.1000
1tp6A00 1opzA00 42.0000
1jkgA00 1qaxB01 46.9000
1gybB00 1nj8C01 64.5000
1m98A02 1v8cD02 37.2000
1q40B00 1ib8A01 36.1000
1jkgB00 1gw5M01 45.9000
1of5A00 1vqyF00 35.6000
1lg7A00 1wtbA00 38.4000
1vkbA00 1gccA00 35.9000
2dt1A02 1qd9C00 26.1000
1w9uB02 1mg7B02 35.7000
1jndA02 1ca7C00 34.1000
1j6yA00 1l0oA00 46.0000
1kt0A01 1o6xA00 25.0000
1y0oE00 1g5hD01 33.6000
1jvwA00 1tuaA02 41.9000
1jntA00 1hh2P04 39.0000
1x9yD01 1iouA00 35.7000
1e87A00 1j57A00 36.7000
2afpA00 1nslC00 27.3000
1cxyA00 1j7nA04 45.6000
1pn2C02 1rz9E00 59.5000
1mmiB02 1q2yA00 48.7000
1k4nA00 1r54A00 55.6000
1k7yA02 1r0vB02 40.7000
1c4pB00 2a4nB00 50.5000
1oqrB00 1jhwA01 25.7000
1tygB00 1hynQ00 46.2000
1kotA00 1q2dA00 54.0000
1se9A00 1cnuA00 30.5000
1p32C00 1v2bA00 44.9000
1k8iA01 1i12A00 36.9000
1rn7A00 1tlbW00 39.8000
1w2zA02 1iykB02 45.1000
1q40B00 1oz9A00 43.1000
1jndA02 1l5iA00 44.8000
1g1qB01 1dl5B02 33.9000
1dv8A00 1pmaK00 27.9000
1jwiB00 2fakZ00 31.0000
1kpsC00 1ychD01 36.3000
1psuA00 2cbnA00 39.1000
2i5sX00 1k07A00 46.0000
1xrkA00 1xm8B00 32.0000
1tsjA00 1ko3A00 32.9000
1bmlC01 1i7qA00 54.1000
1b9rA00 1f89B00 32.0000
1htqH02 1hzgA00 36.4000
1l7yA00 1vybA00 31.3000
1p8kZ02 1b65A00 35.9000
1u1wA01 2cv9A00 54.9000
1ufnA00 1g5bA00 35.4000
1goyA00 1it6A00 41.0000
1tuhA00 1ofeB01 49.0000
1nh6A03 1iruY00 32.0000
1x9yD01 1g65O00 55.9000
1oeyL00 1g62A00 39.4000
1x9yD01 1bwdA00 46.0000
1wmzD00 1n60B01 27.6000
1h8uA00 1kv3B02 55.2000
1cwvA05 1sglA00 36.6000
1i7kA00 1sawA00 43.3000
1ldcA01 1ni7A00 37.9000
1njkA00 1kafA00 35.4000
1c8uA02 1u4hA00 49.7000
1h0dC00 1m35A02 37.4000
1vpkA02 1mhdA00 32.7000
2c21B00 1sglA00 34.1000
1cjxB01 1iryA00 46.9000
1cjxA02 1vjfA00 61.7000
1hxyD02 1hyhB02 37.7000
1bmlC01 1lm5A00 41.2000
1sb3F01 1aqiB02 30.8000
1b9rA00 1v3yA00 44.2000
1jrpC01 1d4dA03 28.3000
1htqH02 1xsaA00 33.2000
2fnjB00 1jcuA00 34.9000
1i42A00 1i10C02 39.4000
1uh6A00 1dgjA03 40.2000
1dq3A04 1ldnB02 49.0000
1b24A02 1jrpB01 29.8000
1u0kB01 1s6yA02 38.7000
1wlfA02 1iu4A00 47.6000
1h5pA00 1q48A00 36.4000
1cewI00 1j21A02 38.2000
1goyA00 1ptoG00 44.4000
1nu3B00 1lmeB00 42.2000
1tuhA00 1qo8A01 49.1000
1of5A00 1kt9A00 43.1000
1nh6A03 1r58A01 42.6000
1kt0A02 1qgwA00 30.1000
1x9yD01 1jy5B00 35.4000
1qvgN00 1itzC03 49.1000
1d8iC00 1r44A00 45.0000
2rusA02 1eo1A00 39.6000
1yrrA02 1iv0A00 44.4000
7reqA01 1t6dB01 52.2000
1e0tB02 1glaG01 53.8000
1u83A00 1xnrK00 39.2000
1jvnB02 1h4xA00 51.4000
1tb3H00 1hf2C01 48.4000
1gzjB00 1qmiA02 37.5000
1izkA02 1wsjE00 42.7000
1jyhA00 1r1mA00 29.3000
1d5yD03 1pieA01 61.8000
1ps3A01 2f8aB00 44.9000
1njjD02 1du4A00 62.9000
1ko0A02 1amoB01 47.6000
1twiA02 2bp7D02 34.4000
1qwkA00 1r26A00 45.0000
1vp5B00 1odlF00 61.9000
1pyfA00 1rflA00 50.2000
1pz1B00 1h4vB02 49.7000
1qrqA00 1r5tB00 39.8000
1mzrA00 1p1cB00 52.1000
1og6A00 1puiA00 61.6000
1q2sB00 1id1B00 49.3000
1ir2D02 3pmgB02 40.2000
2rusA02 1fbtB00 40.2000
1gehC02 1z06A00 62.9000
1telA02 1g0oD00 50.1000
1wufB02 1ekjE00 43.9000
2dw7N02 1uanB00 60.4000
1f9cA02 1zesA00 41.2000
1jdfB02 1qorA02 35.4000
2fymA02 1xfkA00 48.1000
1fhuA01 1dd8C01 41.8000
1jpdX02 1e4eB03 36.0000
1chrB02 1hybA00 51.2000
2d2gA00 2bewA00 51.6000
1k1dH02 1bq7C00 46.8000
1nfgB02 1thtA00 82.1000
1ra5A02 1ydgH00 49.7000
1j79A00 1ik6A02 50.2000
1a5kC02 1m2aB00 46.6000
1ndvA00 1g2oB00 57.7000
1p1mA02 1vyvB02 54.4000
1bf6B00 1httA02 33.1000
1o12A02 1oi0C00 32.7000
1itqB00 1g60A00 44.2000
1yrrA02 1ji0A00 50.8000
1j6oA00 1hyhC01 53.3000
1pb0C00 1c47A01 62.2000
1gkrB02 2hiaA00 52.3000
1v77A00 1zbdA00 53.5000
5xinA00 1wntD00 59.4000
1qtwA00 1t75D00 39.5000
1i60A00 1v8dA00 41.9000
1k77A00 1zh4A00 56.8000
1a0dC00 1szjG01 53.4000
1tz9B00 1c3sA00 55.4000
1djwB03 1tqyH01 52.7000
1o1zA00 1b6sA01 29.2000
1q7qB02 1korC01 70.4000
1eyeA00 1umcC00 67.4000
1ad1B00 1nm3B01 34.5000
1f6yA00 1m33A00 53.8000
1jpkA00 2bzsA00 51.2000
1j93A00 1tkcA03 51.3000
1k87A03 1oazA00 41.3000
1i9cB01 1sd1A00 59.9000
4reqB01 1texA00 59.4000
7reqA01 1atiB02 42.0000
1brlA00 1af2A01 41.9000
1rhcA00 1xdzA00 63.0000
1f07A00 1q3hB00 51.1000
1nqkA00 1xcbB02 50.0000
1lq2A01 1kfiB01 55.2000
1y65A00 1cviD00 61.5000
1q85B01 1kdpA00 63.4000
1umyC00 1h5qA00 47.0000
1w1a100 1g5cE00 41.1000
1twdB00 1vkrA00 47.3000
1vizB00 1dz3A00 48.7000
1hgwB00 1kolA02 46.0000
1dysB00 1t64A00 44.3000
1vkfA00 1u0mA02 34.3000
1vpqA00 1ea7A00 41.3000
1xrsA00 2i1lB01 54.6000
1s2vA00 1w88C00 68.6000
1o68B00 1nm3B02 48.3000
1oy0C00 1jt2A00 57.1000
1dxfA00 2f1oD00 47.9000
1f3wD02 1qgdB03 52.2000
1izcA00 1quwA00 37.4000
2dikA04 1v4nA00 49.7000
1f8mD00 1q44A00 59.2000
1vgaA00 1qe0A02 39.8000
1jcjA00 1vk9A00 45.6000
1gvfA00 1nt2A02 43.6000
1jqvA01 1wf3A01 57.6000
2b4gC01 2hmsB00 39.1000
1t0oA01 1j9lA00 42.4000
1ktcA01 1vl1A00 39.2000
1cx9A00 1uj2B00 64.6000
1f6pA00 1xseA00 62.2000
1gpwC00 1oozA01 63.2000
1ujpA00 1vl6D01 45.8000
1wdwG00 1p2fA01 52.6000
1nvmC01 1u7tB00 61.4000
1g69B00 1ooyA02 56.2000
1i8jB00 1lqjC00 50.7000
1h50A00 1yu6A00 59.3000
2g5wB00 1mjhB00 35.7000
1bwkA00 1ni4C00 56.4000
1u83A00 1fovA00 28.9000
1btmA00 1fj2A00 48.0000
1aw1A00 1rliC00 41.1000
1b9bB00 1r9jB03 66.4000
1lp6A00 1zzoA00 43.4000
2czeB00 1q1gC00 50.5000
1gthB05 1qhyA00 58.7000
1o5kB00 1nf8A00 54.9000
1xkyD00 1uslB00 44.4000
1o60C00 1dl5B01 46.8000
1fcqA00 1egaB01 52.6000
1vc4B00 1lj8A01 53.3000
1ojxG00 1l5xA00 64.8000
1ub3C00 1frzA00 41.7000
1o0yA00 1skqA01 54.6000
1mzhB00 1iukA00 49.9000
1wv2B00 1k6dA00 57.5000
1e51B00 1t1jA00 53.2000
1h7oA00 1ny5A01 41.7000
1of6E00 1yjqA01 53.5000
1p0kB00 1xr4A02 64.6000
1huvA00 1udiE00 53.1000
1jvnB02 2hd4A00 51.5000
1i2rB00 1gpmA02 50.8000
1euaB00 2c42A06 56.0000
1tqjA00 1nhyA01 49.2000
2fliD00 1tqhA00 81.4000
1h1zA00 2fz5A00 39.2000
1qo2B00 1itzC03 41.7000
1sflA00 1senA00 31.3000
1vliA01 1cddA00 42.5000
1ep1A00 1skyB02 63.9000
1n7kA00 1j2rD00 54.0000
1f76B00 1o1xA00 45.7000
1tv5A00 1xj5C02 54.1000
1xi3A00 2gf0B00 66.6000
1dosB00 1vjpA01 84.8000
1eepA00 2cyjA00 36.0000
1tqxA00 1m0sA01 47.0000
1to3A00 2b7cA01 37.2000
1vhcC00 1hygA01 52.0000
1xdmB00 1xr4B01 43.7000
1vlwC00 1wviC02 44.1000
1j5tA00 2ftkG00 67.2000
1tb3H00 1sbyB00 67.5000
1szeB01 1poiB00 44.1000
1v5xA00 1l9gA00 46.7000
1dbtB00 1wmdA01 46.7000
1jjkN00 1jmvC00 44.6000
1hg3D00 2bp7C00 63.5000
1ps9A01 1n8jB00 86.0000
1qpqE02 1lgyA00 44.5000
1o4uA02 1vmeB02 55.7000
1r30B00 1ni4D02 39.3000
1kfwA01 1pqnA00 47.5000
1w3hA00 1rbyA00 45.6000
1us2A02 1knxD02 57.9000
1b3vA00 1yacA00 60.9000
1g0cA00 1nn4B00 42.4000
1qnpA00 1eizA00 39.4000
1r86A00 1g3rA00 57.6000
1ur1A00 1o5iC00 49.3000
1gw1A00 1ihnB00 29.1000
2bvtA01 1lk5C01 60.9000
1ffrA02 1r5oA01 58.7000
1tr1C00 1ojuA01 49.9000
1gzjB00 1poiC01 71.0000
1avaA01 1wkcA00 50.4000
2guyA01 1oxkD00 44.1000
1xyzA00 1npyD02 68.7000
1vbrA00 1bouD00 70.3000
1g94A01 1oe4A00 47.4000
1jndA01 1ke1A00 44.3000
1e9lA01 2a1uB00 44.6000
1guvA01 1qrhA00 66.1000
1ghsA00 1e2yE00 57.5000
1kwkA01 1ufoB00 63.6000
1tg7A01 1bvyF00 56.4000
1w9uB01 2c3yA02 46.5000
2nsxB01 1su9B00 50.2000
1tvnA00 2cfiA01 53.2000
3manA00 1j99A00 58.5000
1wkyA01 1ilwA00 70.3000
1wcgB00 1ejjA01 77.7000
1qhpA01 1vl5C00 74.2000
1uksA01 1hyqA00 44.4000
1hp5A01 1yl7D01 43.1000
1eqcA00 1l1sA00 40.6000
1izkA02 1uj4A01 28.7000
1nofA02 1lb1H00 41.2000
2bs9H02 1vl6D02 51.2000
1j10B01 1oxwB00 92.8000
1vjzA00 1souA00 46.9000
2ccrA00 1r8jA01 33.4000
1hl9B01 1xltE02 59.1000
1dwfM00 1f9tA00 48.8000
1om0A00 1mugA00 75.7000
1h3gA02 1gtl200 56.5000
1eokA00 1mc1A02 53.6000
1lwhA01 1d02A00 64.3000
1c7sA03 2bjxA00 59.9000
1jfxA00 1wpxA01 69.2000
1ehaA01 2gswC00 43.6000
1uwuB00 1l8aA03 50.1000
1x1nA01 1gh2A00 41.0000
1cwyA00 2fmtB01 54.8000
3pbgB00 1q20A00 65.2000
1obaA01 1nbaC00 44.8000
2pflB00 1rlkA00 52.0000
1c8zA00 1j3gA00 49.6000
2fymA02 1dxlB02 43.0000
5xinA00 1fl2A02 40.1000
1f07A00 1ps9A03 49.1000
2dikA04 1xhcA01 50.0000
1u83A00 1ng3A01 57.7000
1dqxC00 1onfA01 43.4000
1epxD00 1q5xC00 36.2000
1ur1A00 3ezbA01 41.2000
1tvnA00 1kp8I03 45.1000
1c7sA03 1ebdB02 48.0000
1ir2D02 1io0A00 52.3000
1vizB00 1jl5A00 59.6000
1euaB00 1dceC03 46.9000
2nsxB01 1kooB00 39.5000
1twiA02 1iniA00 67.4000
2dw7N02 1q8fB00 46.3000
1bf6B00 3uagA03 55.4000
1djwB03 1ro8B00 48.9000
1f07A00 1vpaB00 48.5000
1m3uE00 1g97A01 67.7000
1cx9A00 1tyfG00 53.3000
1xbyB00 1d5rA01 38.7000
1h7oA00 1cj0B01 51.9000
1n7kA00 1wvcA00 67.2000
1v5xA00 1k4vB00 61.5000
1ur1A00 1j6uA03 52.1000
1ghsA00 1rpmB00 61.5000
1nofA02 1u14A00 51.7000
1bhgB03 1iniA00 63.8000
1qndA00 1veaB00 32.6000
1jo0B00 1xizB00 43.9000
1gtdB00 1xd3C00 49.1000
1jd1B00 1tlbW00 38.9000
2cw0B01 1iidA02 33.2000
1j6xA00 1pwqA01 67.4000
1r44A00 1l5iA00 40.0000
1u2vF00 2evnA00 38.9000
1wibA00 1ge5A00 29.3000
1mgtA01 1knxC01 46.0000
1oqvA00 1qsmD00 33.8000
1d6tA00 1c7kA00 29.8000
1ubeA02 1ksxF00 29.7000
1nyeA00 1i12A00 36.0000
1e42A02 1wnaA00 46.1000
1dapB02 1j3gA00 33.4000
1qmiA02 1e4eB03 28.6000
1brsF00 1hybA00 33.4000
2dw6D01 1qpvA00 29.5000
1vsmA00 1vh0C00 54.6000
1wsjE00 1sa0C01 51.2000
1k6yA02 1l2tA00 33.7000
1j53A00 1j5pA01 50.7000
1njyA01 1c47A01 52.3000
2ktqA01 1fvoB01 35.0000
1ytaB00 5ukdA00 35.8000
1hjrA00 1pl6D02 36.0000
1vk0E00 1v8aA00 53.0000
1fxxA01 1ovmC02 46.7000
1tkzA05 1zbdA00 38.4000
1krpA01 1ojuA01 56.0000
1kcfA00 1e19B00 60.7000
1uocA00 1vyhM00 60.9000
1q82O00 1dg1H01 38.2000
1ilyA00 1qkiC01 39.1000
1p90A00 1v8gA02 45.0000
1o13A00 1wkcA00 36.9000
1rduA00 1w25A02 38.9000
1eo1A00 1b8uA01 40.4000
1ovqA00 1rlzA00 49.0000
1iv0A00 1f2vA00 55.4000
1t6dB02 1jlkB00 50.6000
1woqA02 1szjG01 42.7000
1t6dB01 1bouD00 41.7000
1jcgA01 1c8bA00 63.2000
1glaG01 1yfzA00 38.3000
1glaG02 1gufA02 54.7000
1dt9A02 1hdhB01 64.7000
1xquB00 1hqz400 27.4000
1ew0A00 1v5zA00 43.8000
1tf1A00 1p4nA01 44.6000
1no5B00 1m4jA00 43.0000
3fruE01 2h5mA00 36.0000
1yvhA03 1tviA00 32.7000
1xn5A00 1gpqA00 35.6000
1c4tC00 2bjxA00 52.1000
2exlA00 1nslC00 33.2000
1p52A02 1j7nA04 60.7000
1mwzA00 1cnuA00 25.5000
1vqyF00 1xkrA00 36.9000
2b8pA00 1vggB00 47.2000
1ybaB03 1vggB00 40.8000
1yi2S00 1wnaA00 27.7000
1whvA00 1veaB00 36.5000
1b3tB00 1tlbW00 46.4000
1f3vA00 1tlbW00 45.9000
1k47D02 1tlbW00 47.3000
1lxjA00 1tlbW00 33.6000
1gccA00 1t5tA03 29.5000
1vc1B00 1qxhB00 35.6000
1th8B00 1wm1A00 46.8000
1hf2C01 1czoA00 42.2000
1kyoL02 1jhwA01 44.3000
1dujA00 1hynQ00 51.0000
1qe0B01 1q2dA00 42.1000
1xviA02 1cviD00 44.4000
1wsjE00 1vqwA02 44.3000
1iv0A00 3ladB02 48.8000
1yhqD00 1jw3A00 36.8000
1sizC00 1dl5B02 20.2000
1nh9A00 1iru100 40.3000
1dwkJ02 1p9eA00 28.4000
1ipaA01 1ww1B00 41.4000
1xv2A02 2aioA00 41.5000
1f7uA03 1kr3A00 49.3000
2ffmA00 1m2xB00 41.2000
1u2vD02 1qdlA00 49.1000
1wibA00 1emsB01 37.3000
1okgA03 1fo6D00 25.4000
1d6tA00 1i9zA00 45.5000
1xp8A02 2f2fE00 36.0000
1hh2P04 1ntfA00 35.1000
1r4xA02 1b65A00 33.0000
1arzD02 1t71A00 30.1000
1kkrA01 1su1D00 48.8000
1kpeA00 1uf3B00 46.0000
1ew0A00 1nnwB00 49.2000
1f5mA00 1it6A00 40.9000
1ou5B01 1ofeB01 55.7000
1f1wA00 1ct9C01 43.9000
2eu0A00 1rypY00 50.2000
1h7uA01 1j2qK00 36.2000
1avzA00 1g65200 33.6000
1pbuA00 1g0uU00 50.5000
1wj9A02 1z7qF00 51.3000
1sizC00 1j2pG00 34.5000
1jjhC00 1iru100 39.0000
1rkjA02 1p9eA00 33.1000
1xmbA02 1ww1B00 44.7000
1vmbA00 2aioA00 32.3000
1in0B01 1kr3A00 31.1000
2cyyA02 1m2xB00 52.1000
1vcbK00 1qdlA00 40.8000
1hr7E02 1emsB01 44.0000
1whzA00 1fo6D00 39.1000
1b70A00 1i9zA00 67.5000
1rs4A00 6jdwA00 56.1000
1gpmA03 1yniD00 43.1000
1h2oA00 1g61A00 49.5000
1kn6A00 2ewoF00 39.4000
1t6dB02 1ogqA00 66.0000
1h0yA00 1o8rA00 25.5000
1je3A01 1o0xA00 37.2000
1hnzC02 1fteC00 49.3000
1t4aB00 1iooA00 33.9000
1vq5F00 1f3yA00 30.3000
1jd1B00 2nvqE02 36.3000
1xv2A02 1hyeA02 44.0000
1uv7B00 1brwA01 34.8000
1f7uA03 1mdtA01 42.7000
1tuaA01 1kv3B02 40.0000
2ffmA00 1vqvA02 26.8000
1yhqD00 2g73A00 49.3000
1u2vD02 1k4iA00 34.0000
1owtA00 1ceqA02 60.1000
2j0qF00 1o4uB01 30.4000
1t4oB00 1y4jA00 36.3000
1okgA03 1lm7B00 34.0000
1iahB01 1giqA02 52.7000
1d6tA00 1ugqA00 38.1000
1kvkA01 1gecE00 40.5000
1xp8A02 1bolA00 29.8000
1kkgA00 1fiqC01 33.8000
1hh2P04 1ojzA00 47.2000
1mp9B01 2ahjC00 35.0000
1kfiB04 1iooA00 50.8000
1tveB02 1sawA00 39.4000
1gr0A02 1ni7A00 42.6000
1dwnB00 1lm7B00 48.7000
2dw6D01 1qxyA00 44.4000
1xdiB03 1qgwA00 41.0000
1j53A00 1p3dA03 44.7000
1o13A00 1vr0B00 44.8000
1kpeA00 1y4jA00 34.6000
1mwwB00 1sgxB02 48.3000
1ew0A00 1mwpA00 28.3000
1ll8A00 1fcdA03 35.3000
1f5mA00 1gttA02 45.3000
2j3wA00 1ordA04 46.3000
1kutB02 1u8xX02 51.6000
1uqsA01 1mzgB00 35.3000
1ka7A00 1iuhA00 32.7000
1oo4A00 1q60A00 36.0000
1ju5A00 1r58A01 44.7000
1xn5A00 1d4dA03 28.3000
1h7uA01 1ryaB00 34.0000
1jm6B01 1nr9A00 53.4000
1avzA00 1qo8A01 31.2000
1s6oA00 1punA00 34.8000
1u2cA02 1ceqA02 42.2000
2hzvF02 1dgjA03 29.0000
1ydlA00 1xgsA01 41.1000
1k44F00 1cliA02 45.1000
2c3yA05 1mp2A00 40.1000
1ybaB03 1eikA00 31.5000
1zzfB00 1q81J00 37.4000
1cvjE02 1giqA02 35.4000
1fjeB01 1i4jA00 28.7000
1o0pA00 1fcdA03 26.7000
1cg2C02 1tkuB00 33.4000
1ftrD02 1hyeA02 41.9000
1regX00 1u4hA00 41.0000
1naqD00 2hmkA01 38.9000
1pieA02 1v9hA00 59.1000
1q53A00 1qcnB02 36.3000
1lxnC00 1b8uA02 38.2000
1eodA00 1epwA01 57.9000
1hf2C01 1cj0B01 45.8000
2a06B02 1v9hA00 37.2000
2j02S00 1g0sA00 33.0000
1qk9A00 1k9mG02 31.8000
1g5hD01 2j5qC02 42.4000
1hc7C01 1q60A00 34.9000
1yb3A00 2ahjC00 56.9000
1poiC01 1dxlB02 43.4000
1v1bA00 1fl2A02 68.2000
1vh0C00 1ps9A03 36.7000
1oi0C00 1xhcA01 45.1000
1uarA01 1ng3A01 44.2000
1v9wA00 1onfA01 43.6000
1qxhB00 1q5xC00 51.9000
1bg3A04 3ezbA01 51.4000
1udiE00 1kp8I03 33.0000
1imoA00 1ebdB02 32.6000
1nriA00 1dxlB02 47.5000
1ebbA00 1fl2A02 51.8000
1ofuB01 1ps9A03 35.7000
2admB01 1xhcA01 37.1000
1pk9B00 1ng3A01 49.3000
1hdeA00 1onfA01 50.5000
1fj2A00 1q5xC00 38.2000
1sbzB00 3ezbA01 39.1000
1zn7B00 1kp8I03 62.5000
1k66A00 1ebdB02 41.5000
1k98A01 1dxlB02 69.7000
1lb1H00 1fl2A02 49.5000
1b0uA00 1ps9A03 55.6000
2g2jA00 1xhcA01 32.8000
1texA00 1ng3A01 58.8000
1zakA00 1onfA01 69.0000
1n3yA00 1q5xC00 55.0000
1k97A01 3ezbA01 42.1000
1lquA01 1kp8I03 59.3000
1sbyB00 1ebdB02 59.4000
1jw9B00 1dxlB02 42.7000
1vl8A00 1fl2A02 43.6000
1id1B00 1ps9A03 35.0000
1xmpA00 1xhcA01 67.3000
1u9cA00 1ng3A01 55.7000
1gqoJ00 1onfA01 50.7000
1qgdB02 1q5xC00 40.7000
2c42A06 3ezbA01 40.8000
1w0dB00 1kp8I03 55.6000
1yrsA00 1ebdB02 61.9000
1p4nA01 1vzyA01 65.4000
2fufA00 1j2qK00 40.4000
1cnuA00 1g65200 42.4000
1pwqA01 1g0uU00 62.8000
1mk4B00 1z7qF00 52.1000
2h5mA00 1j2pG00 42.3000
1a3aA00 6jdwA00 51.5000
2nvqE01 1fs2C00 50.1000
1f9mB00 1w8aA00 35.7000
1u0mA01 1ds9A00 38.3000
1zpdB02 1p8tA00 47.1000
1vlmA00 1otoA00 54.8000
1lgyA00 1pgvA00 34.3000
1m5uA00 1fs2C00 49.2000
1kk0A01 1w8aA00 34.7000
1uf9A00 1ds9A00 68.8000
1korC01 1p8tA00 51.6000
1jw9B00 1otoA00 63.9000
1uh5A00 1pgvA00 45.7000
1l8aA03 1fs2C00 61.0000
1t5gC00 1w8aA00 49.5000
1brwA02 1iinB00 60.6000
1cjyA02 1u14A00 45.4000
1ewqA01 1k4iA00 39.8000
1vk4A00 1fpzB00 46.4000
1ihnB00 1k7kA00 43.1000
1r9wA00 1fcdA03 58.6000
1a3xA01 1jv3A01 61.0000
1gpqA00 1fiqC01 34.0000
1vggB00 1vkiB00 62.3000
1cnuA00 1qxyA00 37.0000
1njrA00 1o23B00 53.8000
1rw1A00 1on9A02 32.9000
1syrJ00 1p15B00 32.4000
1axdB01 1zwyA00 36.2000
1iloA00 1vgwA00 31.3000
1bswA00 1qrkA02 61.9000
1oz9A00 1jqpA02 31.4000
1wveB03 1lttA00 45.9000
1k1eA00 1xriB00 38.6000
1kzyC01 1y7oB00 40.4000
1t1jA00 1rxdB00 44.5000
1z8hC00 1wpnA00 42.6000
1ebbA00 1v7rA00 55.1000
2be9A01 1jylD00 47.4000
1jg3A00 1uyrB03 72.6000
1im8A00 1ohcA01 44.2000
1r6aA00 1m21B00 62.5000
2fmtB01 1s4nA00 39.3000
1xklD00 1vicA00 51.2000
1fj2A00 1j7xA02 60.5000
1qo9A00 1fprA00 59.8000
1ehiA01 1vp2B00 53.8000
1l1rA00 1fggA00 39.2000
1m5uA00 1w36B05 52.8000
1p6qA00 1o5zA02 38.8000
1t3hC00 1wpnA00 46.3000
1lb1H00 1v7rA00 51.9000
1vecA00 1jylD00 50.4000
1wf3A01 1uyrB03 60.5000
1udxA02 1ohcA01 45.2000
1xzpA03 1m21B00 53.4000
1jwyB00 1s4nA00 37.9000
1t5bA00 1vicA00 53.9000
1n3yA00 1j7xA02 48.1000
1kaqD00 1fprA00 58.8000
2a1uB00 1vp2B00 48.6000
1pzgC01 1fggA00 29.4000
1kolA02 1w36B05 47.9000
1ooeB00 1o5zA02 40.7000
1gpjA02 1wpnA00 48.4000
1vl8A00 1v7rA00 54.0000
1mfzA01 1jylD00 56.4000
1lssA00 1uyrB03 53.1000
1umkA02 1ohcA01 33.0000
1ilwA00 1zwyA00 41.4000
1oi4A00 1vgwA00 40.0000
1qgdB03 1ezrA00 49.1000
1itzC02 1p3dA03 46.9000
1upaA01 1vr0B00 52.3000
1dmuA00 1vpaB00 68.8000
1i12A00 1u4hA00 46.9000
1vhsB00 1m35A02 60.5000
2evnA00 1mhdA00 29.4000
1w0dB00 1w36B05 53.7000
1c3sA00 1excA00 54.6000
1y88A01 1cj0B01 35.5000
2f7wA00 1lyvA00 41.6000
3ezbA01 1m21B00 43.3000
1gthB04 1vpaB00 70.5000
3ladB02 1g97A01 53.4000
1dl5B02 1i7qA00 38.5000
1ya7I00 2ewoF00 41.7000
1i9zA00 1lmeB00 54.6000
1i7qA00 1qo8A01 44.4000
1vmeB01 1qgwA00 30.4000
1p9eA00 1jy5B00 38.3000
1iru200 1q27A00 45.8000
2gplI00 1eikA00 41.9000
1q15C01 1y6jA02 50.1000
1nnwB00 1j21A02 62.1000
2cv9A00 1ptoG00 58.4000
1vkpB00 1e6vC00 48.3000
1ookG00 1o5zA02 51.2000
